{"/app/backend/config/database.js": {"path":"/app/backend/config/database.js","statementMap":{"0":{"start":{"line":6,"column":24},"end":{"line":6,"column":42}},"1":{"start":{"line":10,"column":4},"end":{"line":10,"column":36}},"2":{"start":{"line":11,"column":4},"end":{"line":11,"column":32}},"3":{"start":{"line":12,"column":4},"end":{"line":12,"column":19}},"4":{"start":{"line":13,"column":4},"end":{"line":13,"column":26}},"5":{"start":{"line":21,"column":4},"end":{"line":39,"column":5}},"6":{"start":{"line":22,"column":6},"end":{"line":22,"column":49}},"7":{"start":{"line":23,"column":21},"end":{"line":23,"column":61}},"8":{"start":{"line":24,"column":6},"end":{"line":24,"column":39}},"9":{"start":{"line":27,"column":6},"end":{"line":27,"column":42}},"10":{"start":{"line":29,"column":6},"end":{"line":29,"column":44}},"11":{"start":{"line":30,"column":6},"end":{"line":30,"column":49}},"12":{"start":{"line":32,"column":6},"end":{"line":35,"column":8}},"13":{"start":{"line":37,"column":6},"end":{"line":37,"column":67}},"14":{"start":{"line":38,"column":6},"end":{"line":38,"column":18}},"15":{"start":{"line":47,"column":4},"end":{"line":65,"column":5}},"16":{"start":{"line":49,"column":6},"end":{"line":56,"column":8}},"17":{"start":{"line":59,"column":6},"end":{"line":59,"column":34}},"18":{"start":{"line":61,"column":6},"end":{"line":61,"column":48}},"19":{"start":{"line":63,"column":6},"end":{"line":63,"column":74}},"20":{"start":{"line":64,"column":6},"end":{"line":64,"column":18}},"21":{"start":{"line":73,"column":4},"end":{"line":104,"column":5}},"22":{"start":{"line":75,"column":6},"end":{"line":75,"column":79}},"23":{"start":{"line":76,"column":6},"end":{"line":76,"column":43}},"24":{"start":{"line":79,"column":6},"end":{"line":79,"column":85}},"25":{"start":{"line":80,"column":6},"end":{"line":80,"column":43}},"26":{"start":{"line":83,"column":6},"end":{"line":83,"column":64}},"27":{"start":{"line":84,"column":6},"end":{"line":84,"column":70}},"28":{"start":{"line":85,"column":6},"end":{"line":85,"column":48}},"29":{"start":{"line":88,"column":6},"end":{"line":88,"column":67}},"30":{"start":{"line":89,"column":6},"end":{"line":89,"column":73}},"31":{"start":{"line":90,"column":6},"end":{"line":90,"column":52}},"32":{"start":{"line":93,"column":6},"end":{"line":93,"column":81}},"33":{"start":{"line":94,"column":6},"end":{"line":94,"column":108}},"34":{"start":{"line":95,"column":6},"end":{"line":95,"column":47}},"35":{"start":{"line":98,"column":6},"end":{"line":98,"column":85}},"36":{"start":{"line":99,"column":6},"end":{"line":99,"column":52}},"37":{"start":{"line":102,"column":6},"end":{"line":102,"column":63}},"38":{"start":{"line":112,"column":4},"end":{"line":136,"column":5}},"39":{"start":{"line":113,"column":33},"end":{"line":113,"column":73}},"40":{"start":{"line":115,"column":6},"end":{"line":132,"column":7}},"41":{"start":{"line":116,"column":23},"end":{"line":116,"column":42}},"42":{"start":{"line":117,"column":30},"end":{"line":117,"column":68}},"43":{"start":{"line":119,"column":26},"end":{"line":124,"column":9}},"44":{"start":{"line":126,"column":8},"end":{"line":126,"column":53}},"45":{"start":{"line":127,"column":8},"end":{"line":127,"column":86}},"46":{"start":{"line":128,"column":8},"end":{"line":128,"column":58}},"47":{"start":{"line":129,"column":8},"end":{"line":129,"column":73}},"48":{"start":{"line":131,"column":8},"end":{"line":131,"column":81}},"49":{"start":{"line":134,"column":6},"end":{"line":134,"column":74}},"50":{"start":{"line":144,"column":4},"end":{"line":146,"column":5}},"51":{"start":{"line":145,"column":6},"end":{"line":145,"column":48}},"52":{"start":{"line":148,"column":4},"end":{"line":166,"column":5}},"53":{"start":{"line":149,"column":20},"end":{"line":154,"column":8}},"54":{"start":{"line":156,"column":6},"end":{"line":162,"column":8}},"55":{"start":{"line":161,"column":44},"end":{"line":161,"column":55}},"56":{"start":{"line":164,"column":6},"end":{"line":164,"column":70}},"57":{"start":{"line":165,"column":6},"end":{"line":165,"column":18}},"58":{"start":{"line":170,"column":0},"end":{"line":170,"column":32}}},"fnMap":{"0":{"name":"(anonymous_0)","decl":{"start":{"line":9,"column":2},"end":{"line":9,"column":3}},"loc":{"start":{"line":9,"column":22},"end":{"line":14,"column":3}},"line":9},"1":{"name":"(anonymous_1)","decl":{"start":{"line":20,"column":2},"end":{"line":20,"column":3}},"loc":{"start":{"line":20,"column":18},"end":{"line":40,"column":3}},"line":20},"2":{"name":"(anonymous_2)","decl":{"start":{"line":46,"column":2},"end":{"line":46,"column":3}},"loc":{"start":{"line":46,"column":33},"end":{"line":66,"column":3}},"line":46},"3":{"name":"(anonymous_3)","decl":{"start":{"line":72,"column":2},"end":{"line":72,"column":3}},"loc":{"start":{"line":72,"column":25},"end":{"line":105,"column":3}},"line":72},"4":{"name":"(anonymous_4)","decl":{"start":{"line":111,"column":2},"end":{"line":111,"column":3}},"loc":{"start":{"line":111,"column":41},"end":{"line":137,"column":3}},"line":111},"5":{"name":"(anonymous_5)","decl":{"start":{"line":143,"column":2},"end":{"line":143,"column":3}},"loc":{"start":{"line":143,"column":19},"end":{"line":167,"column":3}},"line":143},"6":{"name":"(anonymous_6)","decl":{"start":{"line":161,"column":28},"end":{"line":161,"column":29}},"loc":{"start":{"line":161,"column":44},"end":{"line":161,"column":55}},"line":161}},"branchMap":{"0":{"loc":{"start":{"line":115,"column":6},"end":{"line":132,"column":7}},"type":"if","locations":[{"start":{"line":115,"column":6},"end":{"line":132,"column":7}},{"start":{"line":130,"column":13},"end":{"line":132,"column":7}}],"line":115},"1":{"loc":{"start":{"line":144,"column":4},"end":{"line":146,"column":5}},"type":"if","locations":[{"start":{"line":144,"column":4},"end":{"line":146,"column":5}},{"start":{},"end":{}}],"line":144}},"s":{"0":0,"1":0,"2":0,"3":0,"4":0,"5":0,"6":0,"7":0,"8":0,"9":0,"10":0,"11":0,"12":0,"13":0,"14":0,"15":0,"16":0,"17":0,"18":0,"19":0,"20":0,"21":0,"22":0,"23":0,"24":0,"25":0,"26":0,"27":0,"28":0,"29":0,"30":0,"31":0,"32":0,"33":0,"34":0,"35":0,"36":0,"37":0,"38":0,"39":0,"40":0,"41":0,"42":0,"43":0,"44":0,"45":0,"46":0,"47":0,"48":0,"49":0,"50":0,"51":0,"52":0,"53":0,"54":0,"55":0,"56":0,"57":0,"58":0},"f":{"0":0,"1":0,"2":0,"3":0,"4":0,"5":0,"6":0},"b":{"0":[0,0],"1":[0,0]}}
,"/app/backend/config/email.js": {"path":"/app/backend/config/email.js","statementMap":{"0":{"start":{"line":6,"column":42},"end":{"line":6,"column":69}},"1":{"start":{"line":10,"column":4},"end":{"line":10,"column":36}},"2":{"start":{"line":11,"column":4},"end":{"line":11,"column":28}},"3":{"start":{"line":12,"column":4},"end":{"line":12,"column":26}},"4":{"start":{"line":20,"column":4},"end":{"line":23,"column":5}},"5":{"start":{"line":21,"column":6},"end":{"line":21,"column":72}},"6":{"start":{"line":22,"column":6},"end":{"line":22,"column":18}},"7":{"start":{"line":25,"column":4},"end":{"line":43,"column":5}},"8":{"start":{"line":27,"column":6},"end":{"line":33,"column":9}},"9":{"start":{"line":35,"column":6},"end":{"line":35,"column":50}},"10":{"start":{"line":36,"column":6},"end":{"line":36,"column":61}},"11":{"start":{"line":37,"column":6},"end":{"line":37,"column":61}},"12":{"start":{"line":39,"column":6},"end":{"line":39,"column":18}},"13":{"start":{"line":41,"column":6},"end":{"line":41,"column":79}},"14":{"start":{"line":42,"column":6},"end":{"line":42,"column":18}},"15":{"start":{"line":51,"column":4},"end":{"line":53,"column":5}},"16":{"start":{"line":52,"column":6},"end":{"line":52,"column":46}},"17":{"start":{"line":55,"column":4},"end":{"line":78,"column":5}},"18":{"start":{"line":57,"column":38},"end":{"line":59,"column":7}},"19":{"start":{"line":61,"column":23},"end":{"line":61,"column":99}},"20":{"start":{"line":63,"column":6},"end":{"line":65,"column":7}},"21":{"start":{"line":64,"column":8},"end":{"line":64,"column":58}},"22":{"start":{"line":68,"column":37},"end":{"line":68,"column":81}},"23":{"start":{"line":70,"column":6},"end":{"line":74,"column":9}},"24":{"start":{"line":72,"column":38},"end":{"line":72,"column":58}},"25":{"start":{"line":76,"column":6},"end":{"line":76,"column":70}},"26":{"start":{"line":77,"column":6},"end":{"line":77,"column":18}},"27":{"start":{"line":87,"column":4},"end":{"line":92,"column":6}},"28":{"start":{"line":100,"column":4},"end":{"line":107,"column":6}},"29":{"start":{"line":115,"column":4},"end":{"line":115,"column":33}},"30":{"start":{"line":123,"column":4},"end":{"line":123,"column":31}},"31":{"start":{"line":127,"column":0},"end":{"line":127,"column":29}}},"fnMap":{"0":{"name":"(anonymous_0)","decl":{"start":{"line":9,"column":2},"end":{"line":9,"column":3}},"loc":{"start":{"line":9,"column":22},"end":{"line":13,"column":3}},"line":9},"1":{"name":"(anonymous_1)","decl":{"start":{"line":19,"column":2},"end":{"line":19,"column":3}},"loc":{"start":{"line":19,"column":15},"end":{"line":44,"column":3}},"line":19},"2":{"name":"(anonymous_2)","decl":{"start":{"line":50,"column":2},"end":{"line":50,"column":3}},"loc":{"start":{"line":50,"column":28},"end":{"line":79,"column":3}},"line":50},"3":{"name":"(anonymous_3)","decl":{"start":{"line":72,"column":26},"end":{"line":72,"column":27}},"loc":{"start":{"line":72,"column":38},"end":{"line":72,"column":58}},"line":72},"4":{"name":"(anonymous_4)","decl":{"start":{"line":86,"column":2},"end":{"line":86,"column":3}},"loc":{"start":{"line":86,"column":18},"end":{"line":93,"column":3}},"line":86},"5":{"name":"(anonymous_5)","decl":{"start":{"line":99,"column":2},"end":{"line":99,"column":3}},"loc":{"start":{"line":99,"column":14},"end":{"line":108,"column":3}},"line":99},"6":{"name":"(anonymous_6)","decl":{"start":{"line":114,"column":2},"end":{"line":114,"column":3}},"loc":{"start":{"line":114,"column":19},"end":{"line":116,"column":3}},"line":114},"7":{"name":"(anonymous_7)","decl":{"start":{"line":122,"column":2},"end":{"line":122,"column":3}},"loc":{"start":{"line":122,"column":17},"end":{"line":124,"column":3}},"line":122}},"branchMap":{"0":{"loc":{"start":{"line":20,"column":4},"end":{"line":23,"column":5}},"type":"if","locations":[{"start":{"line":20,"column":4},"end":{"line":23,"column":5}},{"start":{},"end":{}}],"line":20},"1":{"loc":{"start":{"line":51,"column":4},"end":{"line":53,"column":5}},"type":"if","locations":[{"start":{"line":51,"column":4},"end":{"line":53,"column":5}},{"start":{},"end":{}}],"line":51},"2":{"loc":{"start":{"line":63,"column":6},"end":{"line":65,"column":7}},"type":"if","locations":[{"start":{"line":63,"column":6},"end":{"line":65,"column":7}},{"start":{},"end":{}}],"line":63},"3":{"loc":{"start":{"line":63,"column":10},"end":{"line":63,"column":44}},"type":"binary-expr","locations":[{"start":{"line":63,"column":10},"end":{"line":63,"column":19}},{"start":{"line":63,"column":23},"end":{"line":63,"column":44}}],"line":63},"4":{"loc":{"start":{"line":88,"column":6},"end":{"line":91,"column":27}},"type":"binary-expr","locations":[{"start":{"line":88,"column":6},"end":{"line":88,"column":31}},{"start":{"line":89,"column":6},"end":{"line":89,"column":31}},{"start":{"line":90,"column":6},"end":{"line":90,"column":35}},{"start":{"line":91,"column":6},"end":{"line":91,"column":27}}],"line":88}},"s":{"0":0,"1":0,"2":0,"3":0,"4":0,"5":0,"6":0,"7":0,"8":0,"9":0,"10":0,"11":0,"12":0,"13":0,"14":0,"15":0,"16":0,"17":0,"18":0,"19":0,"20":0,"21":0,"22":0,"23":0,"24":0,"25":0,"26":0,"27":0,"28":0,"29":0,"30":0,"31":0},"f":{"0":0,"1":0,"2":0,"3":0,"4":0,"5":0,"6":0,"7":0},"b":{"0":[0,0],"1":[0,0],"2":[0,0],"3":[0,0],"4":[0,0,0,0]}}
,"/app/backend/config/environment.js": {"path":"/app/backend/config/environment.js","statementMap":{"0":{"start":{"line":8,"column":4},"end":{"line":8,"column":21}},"1":{"start":{"line":9,"column":4},"end":{"line":9,"column":23}},"2":{"start":{"line":17,"column":4},"end":{"line":17,"column":60}},"3":{"start":{"line":19,"column":4},"end":{"line":19,"column":29}},"4":{"start":{"line":20,"column":4},"end":{"line":20,"column":29}},"5":{"start":{"line":21,"column":4},"end":{"line":21,"column":32}},"6":{"start":{"line":23,"column":4},"end":{"line":23,"column":34}},"7":{"start":{"line":31,"column":21},"end":{"line":67,"column":5}},"8":{"start":{"line":35,"column":28},"end":{"line":35,"column":63}},"9":{"start":{"line":40,"column":28},"end":{"line":40,"column":49}},"10":{"start":{"line":45,"column":28},"end":{"line":45,"column":51}},"11":{"start":{"line":50,"column":28},"end":{"line":50,"column":57}},"12":{"start":{"line":55,"column":28},"end":{"line":55,"column":57}},"13":{"start":{"line":60,"column":28},"end":{"line":60,"column":92}},"14":{"start":{"line":65,"column":28},"end":{"line":65,"column":49}},"15":{"start":{"line":69,"column":4},"end":{"line":69,"column":54}},"16":{"start":{"line":70,"column":4},"end":{"line":82,"column":7}},"17":{"start":{"line":71,"column":48},"end":{"line":71,"column":54}},"18":{"start":{"line":73,"column":6},"end":{"line":81,"column":7}},"19":{"start":{"line":74,"column":8},"end":{"line":74,"column":63}},"20":{"start":{"line":75,"column":8},"end":{"line":75,"column":44}},"21":{"start":{"line":76,"column":13},"end":{"line":81,"column":7}},"22":{"start":{"line":77,"column":8},"end":{"line":77,"column":70}},"23":{"start":{"line":78,"column":8},"end":{"line":78,"column":51}},"24":{"start":{"line":80,"column":8},"end":{"line":80,"column":39}},"25":{"start":{"line":90,"column":21},"end":{"line":126,"column":5}},"26":{"start":{"line":94,"column":28},"end":{"line":94,"column":111}},"27":{"start":{"line":99,"column":28},"end":{"line":99,"column":111}},"28":{"start":{"line":104,"column":28},"end":{"line":104,"column":51}},"29":{"start":{"line":109,"column":28},"end":{"line":109,"column":74}},"30":{"start":{"line":114,"column":28},"end":{"line":114,"column":94}},"31":{"start":{"line":119,"column":28},"end":{"line":119,"column":94}},"32":{"start":{"line":124,"column":28},"end":{"line":124,"column":60}},"33":{"start":{"line":128,"column":4},"end":{"line":128,"column":56}},"34":{"start":{"line":129,"column":4},"end":{"line":141,"column":7}},"35":{"start":{"line":130,"column":48},"end":{"line":130,"column":54}},"36":{"start":{"line":132,"column":6},"end":{"line":140,"column":7}},"37":{"start":{"line":133,"column":8},"end":{"line":133,"column":67}},"38":{"start":{"line":134,"column":8},"end":{"line":134,"column":46}},"39":{"start":{"line":135,"column":13},"end":{"line":140,"column":7}},"40":{"start":{"line":136,"column":8},"end":{"line":136,"column":74}},"41":{"start":{"line":137,"column":8},"end":{"line":137,"column":53}},"42":{"start":{"line":139,"column":8},"end":{"line":139,"column":39}},"43":{"start":{"line":149,"column":4},"end":{"line":149,"column":56}},"44":{"start":{"line":151,"column":20},"end":{"line":151,"column":57}},"45":{"start":{"line":152,"column":4},"end":{"line":152,"column":46}},"46":{"start":{"line":155,"column":25},"end":{"line":155,"column":54}},"47":{"start":{"line":156,"column":25},"end":{"line":156,"column":59}},"48":{"start":{"line":157,"column":4},"end":{"line":167,"column":5}},"49":{"start":{"line":158,"column":27},"end":{"line":158,"column":62}},"50":{"start":{"line":159,"column":27},"end":{"line":159,"column":62}},"51":{"start":{"line":161,"column":6},"end":{"line":166,"column":7}},"52":{"start":{"line":162,"column":8},"end":{"line":162,"column":114}},"53":{"start":{"line":163,"column":8},"end":{"line":163,"column":71}},"54":{"start":{"line":165,"column":8},"end":{"line":165,"column":97}},"55":{"start":{"line":170,"column":24},"end":{"line":170,"column":48}},"56":{"start":{"line":171,"column":24},"end":{"line":171,"column":48}},"57":{"start":{"line":172,"column":4},"end":{"line":177,"column":5}},"58":{"start":{"line":173,"column":6},"end":{"line":173,"column":74}},"59":{"start":{"line":174,"column":6},"end":{"line":174,"column":70}},"60":{"start":{"line":175,"column":11},"end":{"line":177,"column":5}},"61":{"start":{"line":176,"column":6},"end":{"line":176,"column":56}},"62":{"start":{"line":186,"column":4},"end":{"line":186,"column":39}},"63":{"start":{"line":188,"column":4},"end":{"line":195,"column":5}},"64":{"start":{"line":189,"column":6},"end":{"line":189,"column":55}},"65":{"start":{"line":190,"column":6},"end":{"line":190,"column":44}},"66":{"start":{"line":191,"column":6},"end":{"line":191,"column":63}},"67":{"start":{"line":191,"column":35},"end":{"line":191,"column":61}},"68":{"start":{"line":192,"column":6},"end":{"line":192,"column":82}},"69":{"start":{"line":193,"column":6},"end":{"line":193,"column":90}},"70":{"start":{"line":194,"column":6},"end":{"line":194,"column":22}},"71":{"start":{"line":197,"column":4},"end":{"line":205,"column":5}},"72":{"start":{"line":198,"column":6},"end":{"line":198,"column":71}},"73":{"start":{"line":199,"column":6},"end":{"line":199,"column":46}},"74":{"start":{"line":200,"column":6},"end":{"line":200,"column":69}},"75":{"start":{"line":200,"column":39},"end":{"line":200,"column":67}},"76":{"start":{"line":201,"column":6},"end":{"line":201,"column":87}},"77":{"start":{"line":203,"column":6},"end":{"line":203,"column":55}},"78":{"start":{"line":204,"column":6},"end":{"line":204,"column":74}},"79":{"start":{"line":207,"column":4},"end":{"line":207,"column":43}},"80":{"start":{"line":208,"column":4},"end":{"line":208,"column":16}},"81":{"start":{"line":216,"column":4},"end":{"line":242,"column":6}},"82":{"start":{"line":246,"column":0},"end":{"line":246,"column":35}}},"fnMap":{"0":{"name":"(anonymous_0)","decl":{"start":{"line":7,"column":2},"end":{"line":7,"column":3}},"loc":{"start":{"line":7,"column":16},"end":{"line":10,"column":3}},"line":7},"1":{"name":"(anonymous_1)","decl":{"start":{"line":16,"column":2},"end":{"line":16,"column":3}},"loc":{"start":{"line":16,"column":13},"end":{"line":24,"column":3}},"line":16},"2":{"name":"(anonymous_2)","decl":{"start":{"line":30,"column":2},"end":{"line":30,"column":3}},"loc":{"start":{"line":30,"column":22},"end":{"line":83,"column":3}},"line":30},"3":{"name":"(anonymous_3)","decl":{"start":{"line":35,"column":19},"end":{"line":35,"column":20}},"loc":{"start":{"line":35,"column":28},"end":{"line":35,"column":63}},"line":35},"4":{"name":"(anonymous_4)","decl":{"start":{"line":40,"column":19},"end":{"line":40,"column":20}},"loc":{"start":{"line":40,"column":28},"end":{"line":40,"column":49}},"line":40},"5":{"name":"(anonymous_5)","decl":{"start":{"line":45,"column":19},"end":{"line":45,"column":20}},"loc":{"start":{"line":45,"column":28},"end":{"line":45,"column":51}},"line":45},"6":{"name":"(anonymous_6)","decl":{"start":{"line":50,"column":19},"end":{"line":50,"column":20}},"loc":{"start":{"line":50,"column":28},"end":{"line":50,"column":57}},"line":50},"7":{"name":"(anonymous_7)","decl":{"start":{"line":55,"column":19},"end":{"line":55,"column":20}},"loc":{"start":{"line":55,"column":28},"end":{"line":55,"column":57}},"line":55},"8":{"name":"(anonymous_8)","decl":{"start":{"line":60,"column":19},"end":{"line":60,"column":20}},"loc":{"start":{"line":60,"column":28},"end":{"line":60,"column":92}},"line":60},"9":{"name":"(anonymous_9)","decl":{"start":{"line":65,"column":19},"end":{"line":65,"column":20}},"loc":{"start":{"line":65,"column":28},"end":{"line":65,"column":49}},"line":65},"10":{"name":"(anonymous_10)","decl":{"start":{"line":70,"column":37},"end":{"line":70,"column":38}},"loc":{"start":{"line":70,"column":56},"end":{"line":82,"column":5}},"line":70},"11":{"name":"(anonymous_11)","decl":{"start":{"line":89,"column":2},"end":{"line":89,"column":3}},"loc":{"start":{"line":89,"column":22},"end":{"line":142,"column":3}},"line":89},"12":{"name":"(anonymous_12)","decl":{"start":{"line":94,"column":19},"end":{"line":94,"column":20}},"loc":{"start":{"line":94,"column":28},"end":{"line":94,"column":111}},"line":94},"13":{"name":"(anonymous_13)","decl":{"start":{"line":99,"column":19},"end":{"line":99,"column":20}},"loc":{"start":{"line":99,"column":28},"end":{"line":99,"column":111}},"line":99},"14":{"name":"(anonymous_14)","decl":{"start":{"line":104,"column":19},"end":{"line":104,"column":20}},"loc":{"start":{"line":104,"column":28},"end":{"line":104,"column":51}},"line":104},"15":{"name":"(anonymous_15)","decl":{"start":{"line":109,"column":19},"end":{"line":109,"column":20}},"loc":{"start":{"line":109,"column":28},"end":{"line":109,"column":74}},"line":109},"16":{"name":"(anonymous_16)","decl":{"start":{"line":114,"column":19},"end":{"line":114,"column":20}},"loc":{"start":{"line":114,"column":28},"end":{"line":114,"column":94}},"line":114},"17":{"name":"(anonymous_17)","decl":{"start":{"line":119,"column":19},"end":{"line":119,"column":20}},"loc":{"start":{"line":119,"column":28},"end":{"line":119,"column":94}},"line":119},"18":{"name":"(anonymous_18)","decl":{"start":{"line":124,"column":19},"end":{"line":124,"column":20}},"loc":{"start":{"line":124,"column":28},"end":{"line":124,"column":60}},"line":124},"19":{"name":"(anonymous_19)","decl":{"start":{"line":129,"column":37},"end":{"line":129,"column":38}},"loc":{"start":{"line":129,"column":56},"end":{"line":141,"column":5}},"line":129},"20":{"name":"(anonymous_20)","decl":{"start":{"line":148,"column":2},"end":{"line":148,"column":3}},"loc":{"start":{"line":148,"column":25},"end":{"line":178,"column":3}},"line":148},"21":{"name":"(anonymous_21)","decl":{"start":{"line":185,"column":2},"end":{"line":185,"column":3}},"loc":{"start":{"line":185,"column":20},"end":{"line":209,"column":3}},"line":185},"22":{"name":"(anonymous_22)","decl":{"start":{"line":191,"column":26},"end":{"line":191,"column":27}},"loc":{"start":{"line":191,"column":35},"end":{"line":191,"column":61}},"line":191},"23":{"name":"(anonymous_23)","decl":{"start":{"line":200,"column":28},"end":{"line":200,"column":29}},"loc":{"start":{"line":200,"column":39},"end":{"line":200,"column":67}},"line":200},"24":{"name":"(anonymous_24)","decl":{"start":{"line":215,"column":2},"end":{"line":215,"column":3}},"loc":{"start":{"line":215,"column":14},"end":{"line":243,"column":3}},"line":215}},"branchMap":{"0":{"loc":{"start":{"line":35,"column":28},"end":{"line":35,"column":63}},"type":"binary-expr","locations":[{"start":{"line":35,"column":28},"end":{"line":35,"column":31}},{"start":{"line":35,"column":35},"end":{"line":35,"column":63}}],"line":35},"1":{"loc":{"start":{"line":40,"column":28},"end":{"line":40,"column":49}},"type":"binary-expr","locations":[{"start":{"line":40,"column":28},"end":{"line":40,"column":31}},{"start":{"line":40,"column":35},"end":{"line":40,"column":49}}],"line":40},"2":{"loc":{"start":{"line":45,"column":28},"end":{"line":45,"column":51}},"type":"binary-expr","locations":[{"start":{"line":45,"column":28},"end":{"line":45,"column":31}},{"start":{"line":45,"column":35},"end":{"line":45,"column":51}}],"line":45},"3":{"loc":{"start":{"line":50,"column":28},"end":{"line":50,"column":57}},"type":"binary-expr","locations":[{"start":{"line":50,"column":28},"end":{"line":50,"column":31}},{"start":{"line":50,"column":35},"end":{"line":50,"column":57}}],"line":50},"4":{"loc":{"start":{"line":55,"column":28},"end":{"line":55,"column":57}},"type":"binary-expr","locations":[{"start":{"line":55,"column":28},"end":{"line":55,"column":31}},{"start":{"line":55,"column":35},"end":{"line":55,"column":57}}],"line":55},"5":{"loc":{"start":{"line":60,"column":28},"end":{"line":60,"column":92}},"type":"binary-expr","locations":[{"start":{"line":60,"column":28},"end":{"line":60,"column":31}},{"start":{"line":60,"column":36},"end":{"line":60,"column":61}},{"start":{"line":60,"column":65},"end":{"line":60,"column":91}}],"line":60},"6":{"loc":{"start":{"line":65,"column":28},"end":{"line":65,"column":49}},"type":"binary-expr","locations":[{"start":{"line":65,"column":28},"end":{"line":65,"column":31}},{"start":{"line":65,"column":35},"end":{"line":65,"column":49}}],"line":65},"7":{"loc":{"start":{"line":73,"column":6},"end":{"line":81,"column":7}},"type":"if","locations":[{"start":{"line":73,"column":6},"end":{"line":81,"column":7}},{"start":{"line":76,"column":13},"end":{"line":81,"column":7}}],"line":73},"8":{"loc":{"start":{"line":76,"column":13},"end":{"line":81,"column":7}},"type":"if","locations":[{"start":{"line":76,"column":13},"end":{"line":81,"column":7}},{"start":{"line":79,"column":13},"end":{"line":81,"column":7}}],"line":76},"9":{"loc":{"start":{"line":76,"column":17},"end":{"line":76,"column":47}},"type":"binary-expr","locations":[{"start":{"line":76,"column":17},"end":{"line":76,"column":26}},{"start":{"line":76,"column":30},"end":{"line":76,"column":47}}],"line":76},"10":{"loc":{"start":{"line":94,"column":28},"end":{"line":94,"column":111}},"type":"binary-expr","locations":[{"start":{"line":94,"column":28},"end":{"line":94,"column":32}},{"start":{"line":94,"column":36},"end":{"line":94,"column":111}}],"line":94},"11":{"loc":{"start":{"line":99,"column":28},"end":{"line":99,"column":111}},"type":"binary-expr","locations":[{"start":{"line":99,"column":28},"end":{"line":99,"column":32}},{"start":{"line":99,"column":36},"end":{"line":99,"column":111}}],"line":99},"12":{"loc":{"start":{"line":104,"column":28},"end":{"line":104,"column":51}},"type":"binary-expr","locations":[{"start":{"line":104,"column":28},"end":{"line":104,"column":32}},{"start":{"line":104,"column":36},"end":{"line":104,"column":51}}],"line":104},"13":{"loc":{"start":{"line":109,"column":28},"end":{"line":109,"column":74}},"type":"binary-expr","locations":[{"start":{"line":109,"column":28},"end":{"line":109,"column":32}},{"start":{"line":109,"column":36},"end":{"line":109,"column":74}}],"line":109},"14":{"loc":{"start":{"line":114,"column":28},"end":{"line":114,"column":94}},"type":"binary-expr","locations":[{"start":{"line":114,"column":28},"end":{"line":114,"column":32}},{"start":{"line":114,"column":37},"end":{"line":114,"column":63}},{"start":{"line":114,"column":67},"end":{"line":114,"column":93}}],"line":114},"15":{"loc":{"start":{"line":119,"column":28},"end":{"line":119,"column":94}},"type":"binary-expr","locations":[{"start":{"line":119,"column":28},"end":{"line":119,"column":32}},{"start":{"line":119,"column":37},"end":{"line":119,"column":63}},{"start":{"line":119,"column":67},"end":{"line":119,"column":93}}],"line":119},"16":{"loc":{"start":{"line":124,"column":28},"end":{"line":124,"column":60}},"type":"binary-expr","locations":[{"start":{"line":124,"column":28},"end":{"line":124,"column":32}},{"start":{"line":124,"column":36},"end":{"line":124,"column":60}}],"line":124},"17":{"loc":{"start":{"line":132,"column":6},"end":{"line":140,"column":7}},"type":"if","locations":[{"start":{"line":132,"column":6},"end":{"line":140,"column":7}},{"start":{"line":135,"column":13},"end":{"line":140,"column":7}}],"line":132},"18":{"loc":{"start":{"line":135,"column":13},"end":{"line":140,"column":7}},"type":"if","locations":[{"start":{"line":135,"column":13},"end":{"line":140,"column":7}},{"start":{"line":138,"column":13},"end":{"line":140,"column":7}}],"line":135},"19":{"loc":{"start":{"line":135,"column":17},"end":{"line":135,"column":47}},"type":"binary-expr","locations":[{"start":{"line":135,"column":17},"end":{"line":135,"column":26}},{"start":{"line":135,"column":30},"end":{"line":135,"column":47}}],"line":135},"20":{"loc":{"start":{"line":151,"column":20},"end":{"line":151,"column":57}},"type":"binary-expr","locations":[{"start":{"line":151,"column":20},"end":{"line":151,"column":40}},{"start":{"line":151,"column":44},"end":{"line":151,"column":57}}],"line":151},"21":{"loc":{"start":{"line":157,"column":4},"end":{"line":167,"column":5}},"type":"if","locations":[{"start":{"line":157,"column":4},"end":{"line":167,"column":5}},{"start":{},"end":{}}],"line":157},"22":{"loc":{"start":{"line":157,"column":8},"end":{"line":157,"column":36}},"type":"binary-expr","locations":[{"start":{"line":157,"column":8},"end":{"line":157,"column":20}},{"start":{"line":157,"column":24},"end":{"line":157,"column":36}}],"line":157},"23":{"loc":{"start":{"line":161,"column":6},"end":{"line":166,"column":7}},"type":"if","locations":[{"start":{"line":161,"column":6},"end":{"line":166,"column":7}},{"start":{"line":164,"column":13},"end":{"line":166,"column":7}}],"line":161},"24":{"loc":{"start":{"line":165,"column":57},"end":{"line":165,"column":87}},"type":"cond-expr","locations":[{"start":{"line":165,"column":72},"end":{"line":165,"column":78}},{"start":{"line":165,"column":81},"end":{"line":165,"column":87}}],"line":165},"25":{"loc":{"start":{"line":172,"column":4},"end":{"line":177,"column":5}},"type":"if","locations":[{"start":{"line":172,"column":4},"end":{"line":177,"column":5}},{"start":{"line":175,"column":11},"end":{"line":177,"column":5}}],"line":172},"26":{"loc":{"start":{"line":172,"column":8},"end":{"line":172,"column":72}},"type":"binary-expr","locations":[{"start":{"line":172,"column":8},"end":{"line":172,"column":19}},{"start":{"line":172,"column":23},"end":{"line":172,"column":34}},{"start":{"line":172,"column":38},"end":{"line":172,"column":72}}],"line":172},"27":{"loc":{"start":{"line":175,"column":11},"end":{"line":177,"column":5}},"type":"if","locations":[{"start":{"line":175,"column":11},"end":{"line":177,"column":5}},{"start":{},"end":{}}],"line":175},"28":{"loc":{"start":{"line":175,"column":15},"end":{"line":175,"column":41}},"type":"binary-expr","locations":[{"start":{"line":175,"column":15},"end":{"line":175,"column":26}},{"start":{"line":175,"column":30},"end":{"line":175,"column":41}}],"line":175},"29":{"loc":{"start":{"line":188,"column":4},"end":{"line":195,"column":5}},"type":"if","locations":[{"start":{"line":188,"column":4},"end":{"line":195,"column":5}},{"start":{},"end":{}}],"line":188},"30":{"loc":{"start":{"line":197,"column":4},"end":{"line":205,"column":5}},"type":"if","locations":[{"start":{"line":197,"column":4},"end":{"line":205,"column":5}},{"start":{"line":202,"column":11},"end":{"line":205,"column":5}}],"line":197},"31":{"loc":{"start":{"line":217,"column":12},"end":{"line":217,"column":36}},"type":"binary-expr","locations":[{"start":{"line":217,"column":12},"end":{"line":217,"column":28}},{"start":{"line":217,"column":32},"end":{"line":217,"column":36}}],"line":217},"32":{"loc":{"start":{"line":218,"column":15},"end":{"line":218,"column":52}},"type":"binary-expr","locations":[{"start":{"line":218,"column":15},"end":{"line":218,"column":35}},{"start":{"line":218,"column":39},"end":{"line":218,"column":52}}],"line":218},"33":{"loc":{"start":{"line":219,"column":16},"end":{"line":219,"column":68}},"type":"binary-expr","locations":[{"start":{"line":219,"column":16},"end":{"line":219,"column":37}},{"start":{"line":219,"column":41},"end":{"line":219,"column":68}}],"line":219},"34":{"loc":{"start":{"line":220,"column":14},"end":{"line":220,"column":55}},"type":"binary-expr","locations":[{"start":{"line":220,"column":14},"end":{"line":220,"column":33}},{"start":{"line":220,"column":37},"end":{"line":220,"column":55}}],"line":220},"35":{"loc":{"start":{"line":225,"column":19},"end":{"line":225,"column":84}},"type":"binary-expr","locations":[{"start":{"line":225,"column":19},"end":{"line":225,"column":55}},{"start":{"line":225,"column":59},"end":{"line":225,"column":84}}],"line":225},"36":{"loc":{"start":{"line":239,"column":18},"end":{"line":239,"column":70}},"type":"binary-expr","locations":[{"start":{"line":239,"column":18},"end":{"line":239,"column":60}},{"start":{"line":239,"column":64},"end":{"line":239,"column":70}}],"line":239},"37":{"loc":{"start":{"line":240,"column":21},"end":{"line":240,"column":72}},"type":"binary-expr","locations":[{"start":{"line":240,"column":21},"end":{"line":240,"column":66}},{"start":{"line":240,"column":70},"end":{"line":240,"column":72}}],"line":240}},"s":{"0":0,"1":0,"2":0,"3":0,"4":0,"5":0,"6":0,"7":0,"8":0,"9":0,"10":0,"11":0,"12":0,"13":0,"14":0,"15":0,"16":0,"17":0,"18":0,"19":0,"20":0,"21":0,"22":0,"23":0,"24":0,"25":0,"26":0,"27":0,"28":0,"29":0,"30":0,"31":0,"32":0,"33":0,"34":0,"35":0,"36":0,"37":0,"38":0,"39":0,"40":0,"41":0,"42":0,"43":0,"44":0,"45":0,"46":0,"47":0,"48":0,"49":0,"50":0,"51":0,"52":0,"53":0,"54":0,"55":0,"56":0,"57":0,"58":0,"59":0,"60":0,"61":0,"62":0,"63":0,"64":0,"65":0,"66":0,"67":0,"68":0,"69":0,"70":0,"71":0,"72":0,"73":0,"74":0,"75":0,"76":0,"77":0,"78":0,"79":0,"80":0,"81":0,"82":0},"f":{"0":0,"1":0,"2":0,"3":0,"4":0,"5":0,"6":0,"7":0,"8":0,"9":0,"10":0,"11":0,"12":0,"13":0,"14":0,"15":0,"16":0,"17":0,"18":0,"19":0,"20":0,"21":0,"22":0,"23":0,"24":0},"b":{"0":[0,0],"1":[0,0],"2":[0,0],"3":[0,0],"4":[0,0],"5":[0,0,0],"6":[0,0],"7":[0,0],"8":[0,0],"9":[0,0],"10":[0,0],"11":[0,0],"12":[0,0],"13":[0,0],"14":[0,0,0],"15":[0,0,0],"16":[0,0],"17":[0,0],"18":[0,0],"19":[0,0],"20":[0,0],"21":[0,0],"22":[0,0],"23":[0,0],"24":[0,0],"25":[0,0],"26":[0,0,0],"27":[0,0],"28":[0,0],"29":[0,0],"30":[0,0],"31":[0,0],"32":[0,0],"33":[0,0],"34":[0,0],"35":[0,0],"36":[0,0],"37":[0,0]}}
,"/app/backend/config/stripe.js": {"path":"/app/backend/config/stripe.js","statementMap":{"0":{"start":{"line":8,"column":4},"end":{"line":8,"column":45}},"1":{"start":{"line":9,"column":4},"end":{"line":9,"column":55}},"2":{"start":{"line":10,"column":4},"end":{"line":10,"column":53}},"3":{"start":{"line":11,"column":4},"end":{"line":11,"column":23}},"4":{"start":{"line":19,"column":4},"end":{"line":22,"column":5}},"5":{"start":{"line":20,"column":6},"end":{"line":20,"column":75}},"6":{"start":{"line":21,"column":6},"end":{"line":21,"column":18}},"7":{"start":{"line":24,"column":4},"end":{"line":37,"column":5}},"8":{"start":{"line":25,"column":21},"end":{"line":25,"column":38}},"9":{"start":{"line":26,"column":6},"end":{"line":26,"column":43}},"10":{"start":{"line":28,"column":21},"end":{"line":28,"column":58}},"11":{"start":{"line":29,"column":6},"end":{"line":29,"column":77}},"12":{"start":{"line":30,"column":6},"end":{"line":30,"column":91}},"13":{"start":{"line":31,"column":6},"end":{"line":31,"column":89}},"14":{"start":{"line":33,"column":6},"end":{"line":33,"column":25}},"15":{"start":{"line":35,"column":6},"end":{"line":35,"column":70}},"16":{"start":{"line":36,"column":6},"end":{"line":36,"column":18}},"17":{"start":{"line":45,"column":4},"end":{"line":45,"column":23}},"18":{"start":{"line":53,"column":4},"end":{"line":53,"column":30}},"19":{"start":{"line":63,"column":4},"end":{"line":65,"column":5}},"20":{"start":{"line":64,"column":6},"end":{"line":64,"column":65}},"21":{"start":{"line":67,"column":4},"end":{"line":76,"column":5}},"22":{"start":{"line":68,"column":6},"end":{"line":72,"column":8}},"23":{"start":{"line":74,"column":6},"end":{"line":74,"column":67}},"24":{"start":{"line":75,"column":6},"end":{"line":75,"column":18}},"25":{"start":{"line":84,"column":4},"end":{"line":89,"column":6}},"26":{"start":{"line":93,"column":0},"end":{"line":93,"column":30}}},"fnMap":{"0":{"name":"(anonymous_0)","decl":{"start":{"line":7,"column":2},"end":{"line":7,"column":3}},"loc":{"start":{"line":7,"column":22},"end":{"line":12,"column":3}},"line":7},"1":{"name":"(anonymous_1)","decl":{"start":{"line":18,"column":2},"end":{"line":18,"column":3}},"loc":{"start":{"line":18,"column":15},"end":{"line":38,"column":3}},"line":18},"2":{"name":"(anonymous_2)","decl":{"start":{"line":44,"column":2},"end":{"line":44,"column":3}},"loc":{"start":{"line":44,"column":14},"end":{"line":46,"column":3}},"line":44},"3":{"name":"(anonymous_3)","decl":{"start":{"line":52,"column":2},"end":{"line":52,"column":3}},"loc":{"start":{"line":52,"column":21},"end":{"line":54,"column":3}},"line":52},"4":{"name":"(anonymous_4)","decl":{"start":{"line":62,"column":2},"end":{"line":62,"column":3}},"loc":{"start":{"line":62,"column":38},"end":{"line":77,"column":3}},"line":62},"5":{"name":"(anonymous_5)","decl":{"start":{"line":83,"column":2},"end":{"line":83,"column":3}},"loc":{"start":{"line":83,"column":14},"end":{"line":90,"column":3}},"line":83}},"branchMap":{"0":{"loc":{"start":{"line":19,"column":4},"end":{"line":22,"column":5}},"type":"if","locations":[{"start":{"line":19,"column":4},"end":{"line":22,"column":5}},{"start":{},"end":{}}],"line":19},"1":{"loc":{"start":{"line":29,"column":43},"end":{"line":29,"column":67}},"type":"cond-expr","locations":[{"start":{"line":29,"column":52},"end":{"line":29,"column":58}},{"start":{"line":29,"column":61},"end":{"line":29,"column":67}}],"line":29},"2":{"loc":{"start":{"line":30,"column":41},"end":{"line":30,"column":87}},"type":"cond-expr","locations":[{"start":{"line":30,"column":63},"end":{"line":30,"column":75}},{"start":{"line":30,"column":78},"end":{"line":30,"column":87}}],"line":30},"3":{"loc":{"start":{"line":31,"column":40},"end":{"line":31,"column":85}},"type":"cond-expr","locations":[{"start":{"line":31,"column":61},"end":{"line":31,"column":73}},{"start":{"line":31,"column":76},"end":{"line":31,"column":85}}],"line":31},"4":{"loc":{"start":{"line":63,"column":4},"end":{"line":65,"column":5}},"type":"if","locations":[{"start":{"line":63,"column":4},"end":{"line":65,"column":5}},{"start":{},"end":{}}],"line":63},"5":{"loc":{"start":{"line":63,"column":8},"end":{"line":63,"column":43}},"type":"binary-expr","locations":[{"start":{"line":63,"column":8},"end":{"line":63,"column":20}},{"start":{"line":63,"column":24},"end":{"line":63,"column":43}}],"line":63},"6":{"loc":{"start":{"line":86,"column":12},"end":{"line":86,"column":93}},"type":"cond-expr","locations":[{"start":{"line":86,"column":30},"end":{"line":86,"column":85}},{"start":{"line":86,"column":89},"end":{"line":86,"column":93}}],"line":86},"7":{"loc":{"start":{"line":86,"column":30},"end":{"line":86,"column":85}},"type":"cond-expr","locations":[{"start":{"line":86,"column":70},"end":{"line":86,"column":76}},{"start":{"line":86,"column":79},"end":{"line":86,"column":85}}],"line":86}},"s":{"0":0,"1":0,"2":0,"3":0,"4":0,"5":0,"6":0,"7":0,"8":0,"9":0,"10":0,"11":0,"12":0,"13":0,"14":0,"15":0,"16":0,"17":0,"18":0,"19":0,"20":0,"21":0,"22":0,"23":0,"24":0,"25":0,"26":0},"f":{"0":0,"1":0,"2":0,"3":0,"4":0,"5":0},"b":{"0":[0,0],"1":[0,0],"2":[0,0],"3":[0,0],"4":[0,0],"5":[0,0],"6":[0,0],"7":[0,0]}}
,"/app/backend/controllers/AdminController.js": {"path":"/app/backend/controllers/AdminController.js","statementMap":{"0":{"start":{"line":6,"column":29},"end":{"line":6,"column":57}},"1":{"start":{"line":7,"column":15},"end":{"line":7,"column":34}},"2":{"start":{"line":8,"column":22},"end":{"line":8,"column":58}},"3":{"start":{"line":9,"column":21},"end":{"line":9,"column":56}},"4":{"start":{"line":10,"column":22},"end":{"line":10,"column":58}},"5":{"start":{"line":11,"column":20},"end":{"line":11,"column":54}},"6":{"start":{"line":15,"column":4},"end":{"line":15,"column":35}},"7":{"start":{"line":16,"column":4},"end":{"line":16,"column":25}},"8":{"start":{"line":17,"column":4},"end":{"line":17,"column":25}},"9":{"start":{"line":20,"column":4},"end":{"line":20,"column":78}},"10":{"start":{"line":21,"column":4},"end":{"line":21,"column":54}},"11":{"start":{"line":22,"column":4},"end":{"line":22,"column":65}},"12":{"start":{"line":23,"column":4},"end":{"line":23,"column":68}},"13":{"start":{"line":30,"column":4},"end":{"line":67,"column":5}},"14":{"start":{"line":31,"column":28},"end":{"line":31,"column":68}},"15":{"start":{"line":32,"column":6},"end":{"line":37,"column":7}},"16":{"start":{"line":33,"column":8},"end":{"line":36,"column":11}},"17":{"start":{"line":39,"column":27},"end":{"line":39,"column":60}},"18":{"start":{"line":40,"column":30},"end":{"line":40,"column":45}},"19":{"start":{"line":41,"column":29},"end":{"line":41,"column":67}},"20":{"start":{"line":43,"column":24},"end":{"line":50,"column":7}},"21":{"start":{"line":52,"column":6},"end":{"line":52,"column":56}},"22":{"start":{"line":53,"column":6},"end":{"line":53,"column":67}},"23":{"start":{"line":55,"column":6},"end":{"line":59,"column":9}},"24":{"start":{"line":62,"column":6},"end":{"line":62,"column":51}},"25":{"start":{"line":63,"column":6},"end":{"line":66,"column":9}},"26":{"start":{"line":74,"column":4},"end":{"line":107,"column":5}},"27":{"start":{"line":75,"column":21},"end":{"line":75,"column":42}},"28":{"start":{"line":76,"column":6},"end":{"line":82,"column":7}},"29":{"start":{"line":77,"column":8},"end":{"line":81,"column":11}},"30":{"start":{"line":84,"column":34},"end":{"line":84,"column":42}},"31":{"start":{"line":85,"column":21},"end":{"line":85,"column":78}},"32":{"start":{"line":88,"column":6},"end":{"line":91,"column":8}},"33":{"start":{"line":93,"column":6},"end":{"line":99,"column":9}},"34":{"start":{"line":102,"column":6},"end":{"line":102,"column":51}},"35":{"start":{"line":103,"column":6},"end":{"line":106,"column":9}},"36":{"start":{"line":114,"column":4},"end":{"line":137,"column":5}},"37":{"start":{"line":115,"column":31},"end":{"line":115,"column":39}},"38":{"start":{"line":117,"column":6},"end":{"line":122,"column":7}},"39":{"start":{"line":118,"column":8},"end":{"line":121,"column":11}},"40":{"start":{"line":124,"column":29},"end":{"line":124,"column":78}},"41":{"start":{"line":126,"column":6},"end":{"line":129,"column":9}},"42":{"start":{"line":132,"column":6},"end":{"line":132,"column":53}},"43":{"start":{"line":133,"column":6},"end":{"line":136,"column":9}},"44":{"start":{"line":144,"column":4},"end":{"line":178,"column":5}},"45":{"start":{"line":145,"column":21},"end":{"line":145,"column":42}},"46":{"start":{"line":146,"column":6},"end":{"line":151,"column":7}},"47":{"start":{"line":147,"column":8},"end":{"line":150,"column":11}},"48":{"start":{"line":153,"column":24},"end":{"line":153,"column":32}},"49":{"start":{"line":154,"column":20},"end":{"line":154,"column":79}},"50":{"start":{"line":156,"column":6},"end":{"line":164,"column":7}},"51":{"start":{"line":157,"column":27},"end":{"line":157,"column":101}},"52":{"start":{"line":158,"column":26},"end":{"line":158,"column":95}},"53":{"start":{"line":160,"column":8},"end":{"line":160,"column":82}},"54":{"start":{"line":161,"column":8},"end":{"line":161,"column":71}},"55":{"start":{"line":163,"column":8},"end":{"line":163,"column":90}},"56":{"start":{"line":167,"column":6},"end":{"line":170,"column":9}},"57":{"start":{"line":173,"column":6},"end":{"line":173,"column":55}},"58":{"start":{"line":174,"column":6},"end":{"line":177,"column":9}},"59":{"start":{"line":185,"column":4},"end":{"line":237,"column":5}},"60":{"start":{"line":186,"column":21},"end":{"line":186,"column":42}},"61":{"start":{"line":187,"column":6},"end":{"line":193,"column":7}},"62":{"start":{"line":188,"column":8},"end":{"line":192,"column":11}},"63":{"start":{"line":195,"column":37},"end":{"line":195,"column":45}},"64":{"start":{"line":199,"column":6},"end":{"line":209,"column":7}},"65":{"start":{"line":200,"column":8},"end":{"line":200,"column":54}},"66":{"start":{"line":201,"column":8},"end":{"line":203,"column":9}},"67":{"start":{"line":202,"column":10},"end":{"line":202,"column":48}},"68":{"start":{"line":205,"column":8},"end":{"line":208,"column":11}},"69":{"start":{"line":212,"column":29},"end":{"line":212,"column":63}},"70":{"start":{"line":213,"column":6},"end":{"line":222,"column":8}},"71":{"start":{"line":224,"column":6},"end":{"line":224,"column":77}},"72":{"start":{"line":226,"column":6},"end":{"line":229,"column":9}},"73":{"start":{"line":232,"column":6},"end":{"line":232,"column":54}},"74":{"start":{"line":233,"column":6},"end":{"line":236,"column":9}},"75":{"start":{"line":244,"column":4},"end":{"line":268,"column":5}},"76":{"start":{"line":245,"column":21},"end":{"line":245,"column":42}},"77":{"start":{"line":246,"column":6},"end":{"line":252,"column":7}},"78":{"start":{"line":247,"column":8},"end":{"line":251,"column":11}},"79":{"start":{"line":254,"column":47},"end":{"line":254,"column":55}},"80":{"start":{"line":255,"column":6},"end":{"line":255,"column":95}},"81":{"start":{"line":257,"column":6},"end":{"line":260,"column":9}},"82":{"start":{"line":263,"column":6},"end":{"line":263,"column":55}},"83":{"start":{"line":264,"column":6},"end":{"line":267,"column":9}},"84":{"start":{"line":275,"column":4},"end":{"line":289,"column":5}},"85":{"start":{"line":276,"column":20},"end":{"line":276,"column":92}},"86":{"start":{"line":278,"column":6},"end":{"line":281,"column":9}},"87":{"start":{"line":284,"column":6},"end":{"line":284,"column":49}},"88":{"start":{"line":285,"column":6},"end":{"line":288,"column":9}},"89":{"start":{"line":296,"column":4},"end":{"line":350,"column":5}},"90":{"start":{"line":297,"column":21},"end":{"line":297,"column":42}},"91":{"start":{"line":298,"column":6},"end":{"line":304,"column":7}},"92":{"start":{"line":299,"column":8},"end":{"line":303,"column":11}},"93":{"start":{"line":306,"column":46},"end":{"line":306,"column":54}},"94":{"start":{"line":309,"column":27},"end":{"line":309,"column":74}},"95":{"start":{"line":310,"column":6},"end":{"line":315,"column":7}},"96":{"start":{"line":311,"column":8},"end":{"line":314,"column":11}},"97":{"start":{"line":318,"column":29},"end":{"line":318,"column":60}},"98":{"start":{"line":320,"column":22},"end":{"line":328,"column":7}},"99":{"start":{"line":330,"column":21},"end":{"line":330,"column":68}},"100":{"start":{"line":331,"column":6},"end":{"line":331,"column":56}},"101":{"start":{"line":333,"column":6},"end":{"line":342,"column":9}},"102":{"start":{"line":345,"column":6},"end":{"line":345,"column":51}},"103":{"start":{"line":346,"column":6},"end":{"line":349,"column":9}},"104":{"start":{"line":357,"column":4},"end":{"line":390,"column":5}},"105":{"start":{"line":358,"column":28},"end":{"line":358,"column":38}},"106":{"start":{"line":361,"column":6},"end":{"line":366,"column":7}},"107":{"start":{"line":362,"column":8},"end":{"line":365,"column":11}},"108":{"start":{"line":368,"column":21},"end":{"line":368,"column":70}},"109":{"start":{"line":370,"column":6},"end":{"line":375,"column":7}},"110":{"start":{"line":371,"column":8},"end":{"line":374,"column":11}},"111":{"start":{"line":377,"column":6},"end":{"line":377,"column":52}},"112":{"start":{"line":379,"column":6},"end":{"line":382,"column":9}},"113":{"start":{"line":385,"column":6},"end":{"line":385,"column":51}},"114":{"start":{"line":386,"column":6},"end":{"line":389,"column":9}},"115":{"start":{"line":397,"column":4},"end":{"line":411,"column":5}},"116":{"start":{"line":398,"column":21},"end":{"line":398,"column":86}},"117":{"start":{"line":400,"column":6},"end":{"line":403,"column":9}},"118":{"start":{"line":406,"column":6},"end":{"line":406,"column":50}},"119":{"start":{"line":407,"column":6},"end":{"line":410,"column":9}},"120":{"start":{"line":418,"column":4},"end":{"line":437,"column":5}},"121":{"start":{"line":419,"column":21},"end":{"line":419,"column":104}},"122":{"start":{"line":422,"column":16},"end":{"line":422,"column":51}},"123":{"start":{"line":423,"column":6},"end":{"line":425,"column":9}},"124":{"start":{"line":424,"column":8},"end":{"line":424,"column":125}},"125":{"start":{"line":427,"column":6},"end":{"line":427,"column":48}},"126":{"start":{"line":428,"column":6},"end":{"line":428,"column":84}},"127":{"start":{"line":429,"column":6},"end":{"line":429,"column":32}},"128":{"start":{"line":432,"column":6},"end":{"line":432,"column":53}},"129":{"start":{"line":433,"column":6},"end":{"line":436,"column":9}},"130":{"start":{"line":444,"column":4},"end":{"line":513,"column":5}},"131":{"start":{"line":445,"column":21},"end":{"line":445,"column":42}},"132":{"start":{"line":446,"column":6},"end":{"line":452,"column":7}},"133":{"start":{"line":447,"column":8},"end":{"line":451,"column":11}},"134":{"start":{"line":454,"column":46},"end":{"line":454,"column":54}},"135":{"start":{"line":457,"column":29},"end":{"line":457,"column":78}},"136":{"start":{"line":458,"column":6},"end":{"line":463,"column":7}},"137":{"start":{"line":459,"column":8},"end":{"line":462,"column":11}},"138":{"start":{"line":466,"column":23},"end":{"line":474,"column":8}},"139":{"start":{"line":477,"column":27},"end":{"line":477,"column":98}},"140":{"start":{"line":478,"column":26},"end":{"line":478,"column":94}},"141":{"start":{"line":481,"column":25},"end":{"line":492,"column":7}},"142":{"start":{"line":494,"column":6},"end":{"line":494,"column":59}},"143":{"start":{"line":497,"column":6},"end":{"line":497,"column":77}},"144":{"start":{"line":499,"column":6},"end":{"line":499,"column":66}},"145":{"start":{"line":501,"column":6},"end":{"line":505,"column":9}},"146":{"start":{"line":508,"column":6},"end":{"line":508,"column":59}},"147":{"start":{"line":509,"column":6},"end":{"line":512,"column":9}},"148":{"start":{"line":520,"column":4},"end":{"line":575,"column":5}},"149":{"start":{"line":521,"column":21},"end":{"line":521,"column":42}},"150":{"start":{"line":522,"column":6},"end":{"line":528,"column":7}},"151":{"start":{"line":523,"column":8},"end":{"line":527,"column":11}},"152":{"start":{"line":530,"column":24},"end":{"line":530,"column":32}},"153":{"start":{"line":533,"column":21},"end":{"line":533,"column":82}},"154":{"start":{"line":534,"column":6},"end":{"line":539,"column":7}},"155":{"start":{"line":535,"column":8},"end":{"line":538,"column":11}},"156":{"start":{"line":542,"column":6},"end":{"line":547,"column":7}},"157":{"start":{"line":543,"column":8},"end":{"line":546,"column":11}},"158":{"start":{"line":550,"column":27},"end":{"line":550,"column":98}},"159":{"start":{"line":551,"column":26},"end":{"line":551,"column":94}},"160":{"start":{"line":554,"column":6},"end":{"line":554,"column":84}},"161":{"start":{"line":557,"column":6},"end":{"line":560,"column":8}},"162":{"start":{"line":562,"column":6},"end":{"line":562,"column":56}},"163":{"start":{"line":564,"column":6},"end":{"line":567,"column":9}},"164":{"start":{"line":570,"column":6},"end":{"line":570,"column":59}},"165":{"start":{"line":571,"column":6},"end":{"line":574,"column":9}},"166":{"start":{"line":582,"column":4},"end":{"line":597,"column":5}},"167":{"start":{"line":583,"column":22},"end":{"line":583,"column":83}},"168":{"start":{"line":585,"column":6},"end":{"line":589,"column":9}},"169":{"start":{"line":592,"column":6},"end":{"line":592,"column":51}},"170":{"start":{"line":593,"column":6},"end":{"line":596,"column":9}},"171":{"start":{"line":604,"column":4},"end":{"line":685,"column":5}},"172":{"start":{"line":605,"column":21},"end":{"line":605,"column":42}},"173":{"start":{"line":606,"column":6},"end":{"line":612,"column":7}},"174":{"start":{"line":607,"column":8},"end":{"line":611,"column":11}},"175":{"start":{"line":614,"column":24},"end":{"line":614,"column":34}},"176":{"start":{"line":615,"column":33},"end":{"line":615,"column":41}},"177":{"start":{"line":617,"column":21},"end":{"line":617,"column":82}},"178":{"start":{"line":618,"column":6},"end":{"line":623,"column":7}},"179":{"start":{"line":619,"column":8},"end":{"line":622,"column":11}},"180":{"start":{"line":626,"column":6},"end":{"line":653,"column":7}},"181":{"start":{"line":627,"column":30},"end":{"line":630,"column":10}},"182":{"start":{"line":632,"column":8},"end":{"line":652,"column":9}},"183":{"start":{"line":633,"column":31},"end":{"line":633,"column":52}},"184":{"start":{"line":635,"column":10},"end":{"line":651,"column":11}},"185":{"start":{"line":637,"column":12},"end":{"line":639,"column":15}},"186":{"start":{"line":640,"column":12},"end":{"line":640,"column":71}},"187":{"start":{"line":641,"column":17},"end":{"line":651,"column":11}},"188":{"start":{"line":643,"column":12},"end":{"line":643,"column":68}},"189":{"start":{"line":644,"column":12},"end":{"line":644,"column":73}},"190":{"start":{"line":645,"column":17},"end":{"line":651,"column":11}},"191":{"start":{"line":647,"column":12},"end":{"line":649,"column":15}},"192":{"start":{"line":650,"column":12},"end":{"line":650,"column":72}},"193":{"start":{"line":656,"column":25},"end":{"line":659,"column":7}},"194":{"start":{"line":661,"column":6},"end":{"line":668,"column":7}},"195":{"start":{"line":662,"column":8},"end":{"line":662,"column":45}},"196":{"start":{"line":663,"column":8},"end":{"line":663,"column":63}},"197":{"start":{"line":664,"column":13},"end":{"line":668,"column":7}},"198":{"start":{"line":665,"column":8},"end":{"line":665,"column":47}},"199":{"start":{"line":666,"column":8},"end":{"line":666,"column":39}},"200":{"start":{"line":667,"column":8},"end":{"line":667,"column":43}},"201":{"start":{"line":670,"column":6},"end":{"line":670,"column":80}},"202":{"start":{"line":672,"column":6},"end":{"line":672,"column":68}},"203":{"start":{"line":674,"column":6},"end":{"line":677,"column":9}},"204":{"start":{"line":680,"column":6},"end":{"line":680,"column":60}},"205":{"start":{"line":681,"column":6},"end":{"line":684,"column":9}},"206":{"start":{"line":692,"column":4},"end":{"line":707,"column":5}},"207":{"start":{"line":693,"column":26},"end":{"line":693,"column":104}},"208":{"start":{"line":695,"column":6},"end":{"line":699,"column":9}},"209":{"start":{"line":702,"column":6},"end":{"line":702,"column":56}},"210":{"start":{"line":703,"column":6},"end":{"line":706,"column":9}},"211":{"start":{"line":714,"column":4},"end":{"line":757,"column":5}},"212":{"start":{"line":715,"column":21},"end":{"line":715,"column":42}},"213":{"start":{"line":716,"column":6},"end":{"line":722,"column":7}},"214":{"start":{"line":717,"column":8},"end":{"line":721,"column":11}},"215":{"start":{"line":724,"column":24},"end":{"line":724,"column":34}},"216":{"start":{"line":725,"column":25},"end":{"line":725,"column":33}},"217":{"start":{"line":727,"column":21},"end":{"line":735,"column":7}},"218":{"start":{"line":737,"column":6},"end":{"line":742,"column":7}},"219":{"start":{"line":738,"column":8},"end":{"line":741,"column":11}},"220":{"start":{"line":744,"column":6},"end":{"line":744,"column":73}},"221":{"start":{"line":746,"column":6},"end":{"line":749,"column":9}},"222":{"start":{"line":752,"column":6},"end":{"line":752,"column":65}},"223":{"start":{"line":753,"column":6},"end":{"line":756,"column":9}},"224":{"start":{"line":764,"column":4},"end":{"line":809,"column":5}},"225":{"start":{"line":765,"column":24},"end":{"line":765,"column":34}},"226":{"start":{"line":767,"column":25},"end":{"line":767,"column":90}},"227":{"start":{"line":768,"column":6},"end":{"line":773,"column":7}},"228":{"start":{"line":769,"column":8},"end":{"line":772,"column":11}},"229":{"start":{"line":776,"column":6},"end":{"line":781,"column":7}},"230":{"start":{"line":777,"column":8},"end":{"line":780,"column":11}},"231":{"start":{"line":784,"column":28},"end":{"line":784,"column":103}},"232":{"start":{"line":785,"column":27},"end":{"line":785,"column":101}},"233":{"start":{"line":788,"column":6},"end":{"line":788,"column":74}},"234":{"start":{"line":791,"column":6},"end":{"line":794,"column":8}},"235":{"start":{"line":796,"column":6},"end":{"line":796,"column":64}},"236":{"start":{"line":798,"column":6},"end":{"line":801,"column":9}},"237":{"start":{"line":804,"column":6},"end":{"line":804,"column":61}},"238":{"start":{"line":805,"column":6},"end":{"line":808,"column":9}},"239":{"start":{"line":816,"column":4},"end":{"line":896,"column":5}},"240":{"start":{"line":817,"column":21},"end":{"line":817,"column":42}},"241":{"start":{"line":818,"column":6},"end":{"line":824,"column":7}},"242":{"start":{"line":819,"column":8},"end":{"line":823,"column":11}},"243":{"start":{"line":826,"column":30},"end":{"line":826,"column":38}},"244":{"start":{"line":828,"column":6},"end":{"line":833,"column":7}},"245":{"start":{"line":829,"column":8},"end":{"line":832,"column":11}},"246":{"start":{"line":835,"column":31},"end":{"line":835,"column":33}},"247":{"start":{"line":836,"column":26},"end":{"line":836,"column":28}},"248":{"start":{"line":838,"column":6},"end":{"line":882,"column":7}},"249":{"start":{"line":839,"column":8},"end":{"line":881,"column":9}},"250":{"start":{"line":840,"column":27},"end":{"line":840,"column":75}},"251":{"start":{"line":843,"column":33},"end":{"line":846,"column":12}},"252":{"start":{"line":849,"column":32},"end":{"line":851,"column":12}},"253":{"start":{"line":853,"column":35},"end":{"line":853,"column":65}},"254":{"start":{"line":854,"column":37},"end":{"line":854,"column":92}},"255":{"start":{"line":854,"column":68},"end":{"line":854,"column":91}},"256":{"start":{"line":855,"column":40},"end":{"line":855,"column":97}},"257":{"start":{"line":855,"column":71},"end":{"line":855,"column":96}},"258":{"start":{"line":858,"column":23},"end":{"line":858,"column":32}},"259":{"start":{"line":859,"column":10},"end":{"line":863,"column":11}},"260":{"start":{"line":860,"column":12},"end":{"line":860,"column":33}},"261":{"start":{"line":861,"column":17},"end":{"line":863,"column":11}},"262":{"start":{"line":862,"column":12},"end":{"line":862,"column":30}},"263":{"start":{"line":865,"column":10},"end":{"line":874,"column":13}},"264":{"start":{"line":877,"column":10},"end":{"line":880,"column":13}},"265":{"start":{"line":884,"column":6},"end":{"line":888,"column":9}},"266":{"start":{"line":891,"column":6},"end":{"line":891,"column":62}},"267":{"start":{"line":892,"column":6},"end":{"line":895,"column":9}},"268":{"start":{"line":903,"column":4},"end":{"line":1002,"column":5}},"269":{"start":{"line":904,"column":21},"end":{"line":904,"column":42}},"270":{"start":{"line":905,"column":6},"end":{"line":911,"column":7}},"271":{"start":{"line":906,"column":8},"end":{"line":910,"column":11}},"272":{"start":{"line":913,"column":28},"end":{"line":913,"column":36}},"273":{"start":{"line":915,"column":6},"end":{"line":920,"column":7}},"274":{"start":{"line":916,"column":8},"end":{"line":919,"column":11}},"275":{"start":{"line":922,"column":23},"end":{"line":922,"column":25}},"276":{"start":{"line":923,"column":22},"end":{"line":923,"column":24}},"277":{"start":{"line":924,"column":27},"end":{"line":924,"column":29}},"278":{"start":{"line":926,"column":6},"end":{"line":986,"column":7}},"279":{"start":{"line":927,"column":8},"end":{"line":985,"column":9}},"280":{"start":{"line":928,"column":110},"end":{"line":928,"column":122}},"281":{"start":{"line":931,"column":33},"end":{"line":931,"column":82}},"282":{"start":{"line":932,"column":10},"end":{"line":935,"column":11}},"283":{"start":{"line":933,"column":12},"end":{"line":933,"column":32}},"284":{"start":{"line":934,"column":12},"end":{"line":934,"column":21}},"285":{"start":{"line":938,"column":28},"end":{"line":949,"column":11}},"286":{"start":{"line":951,"column":10},"end":{"line":951,"column":62}},"287":{"start":{"line":954,"column":32},"end":{"line":959,"column":11}},"288":{"start":{"line":961,"column":10},"end":{"line":961,"column":70}},"289":{"start":{"line":964,"column":32},"end":{"line":964,"column":107}},"290":{"start":{"line":965,"column":31},"end":{"line":965,"column":105}},"291":{"start":{"line":967,"column":10},"end":{"line":977,"column":11}},"292":{"start":{"line":968,"column":12},"end":{"line":968,"column":80}},"293":{"start":{"line":971,"column":12},"end":{"line":973,"column":13}},"294":{"start":{"line":972,"column":14},"end":{"line":972,"column":81}},"295":{"start":{"line":975,"column":12},"end":{"line":975,"column":86}},"296":{"start":{"line":976,"column":12},"end":{"line":976,"column":37}},"297":{"start":{"line":979,"column":10},"end":{"line":979,"column":31}},"298":{"start":{"line":980,"column":10},"end":{"line":980,"column":55}},"299":{"start":{"line":983,"column":10},"end":{"line":983,"column":85}},"300":{"start":{"line":984,"column":10},"end":{"line":984,"column":43}},"301":{"start":{"line":988,"column":6},"end":{"line":994,"column":9}},"302":{"start":{"line":997,"column":6},"end":{"line":997,"column":63}},"303":{"start":{"line":998,"column":6},"end":{"line":1001,"column":9}},"304":{"start":{"line":1009,"column":4},"end":{"line":1063,"column":5}},"305":{"start":{"line":1010,"column":28},"end":{"line":1010,"column":38}},"306":{"start":{"line":1012,"column":21},"end":{"line":1012,"column":82}},"307":{"start":{"line":1013,"column":6},"end":{"line":1018,"column":7}},"308":{"start":{"line":1014,"column":8},"end":{"line":1017,"column":11}},"309":{"start":{"line":1020,"column":6},"end":{"line":1025,"column":7}},"310":{"start":{"line":1021,"column":8},"end":{"line":1024,"column":11}},"311":{"start":{"line":1028,"column":28},"end":{"line":1031,"column":8}},"312":{"start":{"line":1033,"column":6},"end":{"line":1035,"column":7}},"313":{"start":{"line":1034,"column":8},"end":{"line":1034,"column":64}},"314":{"start":{"line":1038,"column":6},"end":{"line":1048,"column":8}},"315":{"start":{"line":1050,"column":6},"end":{"line":1050,"column":60}},"316":{"start":{"line":1052,"column":6},"end":{"line":1055,"column":9}},"317":{"start":{"line":1058,"column":6},"end":{"line":1058,"column":59}},"318":{"start":{"line":1059,"column":6},"end":{"line":1062,"column":9}},"319":{"start":{"line":1070,"column":4},"end":{"line":1104,"column":5}},"320":{"start":{"line":1071,"column":24},"end":{"line":1071,"column":38}},"321":{"start":{"line":1073,"column":21},"end":{"line":1073,"column":93}},"322":{"start":{"line":1074,"column":6},"end":{"line":1079,"column":7}},"323":{"start":{"line":1075,"column":8},"end":{"line":1078,"column":11}},"324":{"start":{"line":1081,"column":6},"end":{"line":1086,"column":7}},"325":{"start":{"line":1082,"column":8},"end":{"line":1085,"column":11}},"326":{"start":{"line":1088,"column":22},"end":{"line":1091,"column":8}},"327":{"start":{"line":1093,"column":6},"end":{"line":1096,"column":9}},"328":{"start":{"line":1099,"column":6},"end":{"line":1099,"column":61}},"329":{"start":{"line":1100,"column":6},"end":{"line":1103,"column":9}},"330":{"start":{"line":1108,"column":0},"end":{"line":1108,"column":33}}},"fnMap":{"0":{"name":"(anonymous_0)","decl":{"start":{"line":14,"column":2},"end":{"line":14,"column":3}},"loc":{"start":{"line":14,"column":86},"end":{"line":24,"column":3}},"line":14},"1":{"name":"(anonymous_1)","decl":{"start":{"line":29,"column":2},"end":{"line":29,"column":3}},"loc":{"start":{"line":29,"column":24},"end":{"line":68,"column":3}},"line":29},"2":{"name":"(anonymous_2)","decl":{"start":{"line":73,"column":2},"end":{"line":73,"column":3}},"loc":{"start":{"line":73,"column":24},"end":{"line":108,"column":3}},"line":73},"3":{"name":"(anonymous_3)","decl":{"start":{"line":113,"column":2},"end":{"line":113,"column":3}},"loc":{"start":{"line":113,"column":31},"end":{"line":138,"column":3}},"line":113},"4":{"name":"(anonymous_4)","decl":{"start":{"line":143,"column":2},"end":{"line":143,"column":3}},"loc":{"start":{"line":143,"column":33},"end":{"line":179,"column":3}},"line":143},"5":{"name":"(anonymous_5)","decl":{"start":{"line":184,"column":2},"end":{"line":184,"column":3}},"loc":{"start":{"line":184,"column":32},"end":{"line":238,"column":3}},"line":184},"6":{"name":"(anonymous_6)","decl":{"start":{"line":243,"column":2},"end":{"line":243,"column":3}},"loc":{"start":{"line":243,"column":33},"end":{"line":269,"column":3}},"line":243},"7":{"name":"(anonymous_7)","decl":{"start":{"line":274,"column":2},"end":{"line":274,"column":3}},"loc":{"start":{"line":274,"column":27},"end":{"line":290,"column":3}},"line":274},"8":{"name":"(anonymous_8)","decl":{"start":{"line":295,"column":2},"end":{"line":295,"column":3}},"loc":{"start":{"line":295,"column":29},"end":{"line":351,"column":3}},"line":295},"9":{"name":"(anonymous_9)","decl":{"start":{"line":356,"column":2},"end":{"line":356,"column":3}},"loc":{"start":{"line":356,"column":29},"end":{"line":391,"column":3}},"line":356},"10":{"name":"(anonymous_10)","decl":{"start":{"line":396,"column":2},"end":{"line":396,"column":3}},"loc":{"start":{"line":396,"column":28},"end":{"line":412,"column":3}},"line":396},"11":{"name":"(anonymous_11)","decl":{"start":{"line":417,"column":2},"end":{"line":417,"column":3}},"loc":{"start":{"line":417,"column":31},"end":{"line":438,"column":3}},"line":417},"12":{"name":"(anonymous_12)","decl":{"start":{"line":423,"column":21},"end":{"line":423,"column":22}},"loc":{"start":{"line":423,"column":35},"end":{"line":425,"column":7}},"line":423},"13":{"name":"(anonymous_13)","decl":{"start":{"line":443,"column":2},"end":{"line":443,"column":3}},"loc":{"start":{"line":443,"column":36},"end":{"line":514,"column":3}},"line":443},"14":{"name":"(anonymous_14)","decl":{"start":{"line":519,"column":2},"end":{"line":519,"column":3}},"loc":{"start":{"line":519,"column":36},"end":{"line":576,"column":3}},"line":519},"15":{"name":"(anonymous_15)","decl":{"start":{"line":581,"column":2},"end":{"line":581,"column":3}},"loc":{"start":{"line":581,"column":29},"end":{"line":598,"column":3}},"line":581},"16":{"name":"(anonymous_16)","decl":{"start":{"line":603,"column":2},"end":{"line":603,"column":3}},"loc":{"start":{"line":603,"column":37},"end":{"line":686,"column":3}},"line":603},"17":{"name":"(anonymous_17)","decl":{"start":{"line":691,"column":2},"end":{"line":691,"column":3}},"loc":{"start":{"line":691,"column":33},"end":{"line":708,"column":3}},"line":691},"18":{"name":"(anonymous_18)","decl":{"start":{"line":713,"column":2},"end":{"line":713,"column":3}},"loc":{"start":{"line":713,"column":41},"end":{"line":758,"column":3}},"line":713},"19":{"name":"(anonymous_19)","decl":{"start":{"line":763,"column":2},"end":{"line":763,"column":3}},"loc":{"start":{"line":763,"column":38},"end":{"line":810,"column":3}},"line":763},"20":{"name":"(anonymous_20)","decl":{"start":{"line":815,"column":2},"end":{"line":815,"column":3}},"loc":{"start":{"line":815,"column":39},"end":{"line":897,"column":3}},"line":815},"21":{"name":"(anonymous_21)","decl":{"start":{"line":854,"column":61},"end":{"line":854,"column":62}},"loc":{"start":{"line":854,"column":68},"end":{"line":854,"column":91}},"line":854},"22":{"name":"(anonymous_22)","decl":{"start":{"line":855,"column":64},"end":{"line":855,"column":65}},"loc":{"start":{"line":855,"column":71},"end":{"line":855,"column":96}},"line":855},"23":{"name":"(anonymous_23)","decl":{"start":{"line":902,"column":2},"end":{"line":902,"column":3}},"loc":{"start":{"line":902,"column":40},"end":{"line":1003,"column":3}},"line":902},"24":{"name":"(anonymous_24)","decl":{"start":{"line":1008,"column":2},"end":{"line":1008,"column":3}},"loc":{"start":{"line":1008,"column":37},"end":{"line":1064,"column":3}},"line":1008},"25":{"name":"(anonymous_25)","decl":{"start":{"line":1069,"column":2},"end":{"line":1069,"column":3}},"loc":{"start":{"line":1069,"column":38},"end":{"line":1105,"column":3}},"line":1069}},"branchMap":{"0":{"loc":{"start":{"line":32,"column":6},"end":{"line":37,"column":7}},"type":"if","locations":[{"start":{"line":32,"column":6},"end":{"line":37,"column":7}},{"start":{},"end":{}}],"line":32},"1":{"loc":{"start":{"line":76,"column":6},"end":{"line":82,"column":7}},"type":"if","locations":[{"start":{"line":76,"column":6},"end":{"line":82,"column":7}},{"start":{},"end":{}}],"line":76},"2":{"loc":{"start":{"line":105,"column":17},"end":{"line":105,"column":48}},"type":"binary-expr","locations":[{"start":{"line":105,"column":17},"end":{"line":105,"column":30}},{"start":{"line":105,"column":34},"end":{"line":105,"column":48}}],"line":105},"3":{"loc":{"start":{"line":117,"column":6},"end":{"line":122,"column":7}},"type":"if","locations":[{"start":{"line":117,"column":6},"end":{"line":122,"column":7}},{"start":{},"end":{}}],"line":117},"4":{"loc":{"start":{"line":146,"column":6},"end":{"line":151,"column":7}},"type":"if","locations":[{"start":{"line":146,"column":6},"end":{"line":151,"column":7}},{"start":{},"end":{}}],"line":146},"5":{"loc":{"start":{"line":156,"column":6},"end":{"line":164,"column":7}},"type":"if","locations":[{"start":{"line":156,"column":6},"end":{"line":164,"column":7}},{"start":{"line":162,"column":13},"end":{"line":164,"column":7}}],"line":156},"6":{"loc":{"start":{"line":187,"column":6},"end":{"line":193,"column":7}},"type":"if","locations":[{"start":{"line":187,"column":6},"end":{"line":193,"column":7}},{"start":{},"end":{}}],"line":187},"7":{"loc":{"start":{"line":201,"column":8},"end":{"line":203,"column":9}},"type":"if","locations":[{"start":{"line":201,"column":8},"end":{"line":203,"column":9}},{"start":{},"end":{}}],"line":201},"8":{"loc":{"start":{"line":246,"column":6},"end":{"line":252,"column":7}},"type":"if","locations":[{"start":{"line":246,"column":6},"end":{"line":252,"column":7}},{"start":{},"end":{}}],"line":246},"9":{"loc":{"start":{"line":266,"column":17},"end":{"line":266,"column":61}},"type":"binary-expr","locations":[{"start":{"line":266,"column":17},"end":{"line":266,"column":30}},{"start":{"line":266,"column":34},"end":{"line":266,"column":61}}],"line":266},"10":{"loc":{"start":{"line":298,"column":6},"end":{"line":304,"column":7}},"type":"if","locations":[{"start":{"line":298,"column":6},"end":{"line":304,"column":7}},{"start":{},"end":{}}],"line":298},"11":{"loc":{"start":{"line":310,"column":6},"end":{"line":315,"column":7}},"type":"if","locations":[{"start":{"line":310,"column":6},"end":{"line":315,"column":7}},{"start":{},"end":{}}],"line":310},"12":{"loc":{"start":{"line":324,"column":14},"end":{"line":324,"column":29}},"type":"binary-expr","locations":[{"start":{"line":324,"column":14},"end":{"line":324,"column":18}},{"start":{"line":324,"column":22},"end":{"line":324,"column":29}}],"line":324},"13":{"loc":{"start":{"line":340,"column":16},"end":{"line":340,"column":31}},"type":"binary-expr","locations":[{"start":{"line":340,"column":16},"end":{"line":340,"column":20}},{"start":{"line":340,"column":24},"end":{"line":340,"column":31}}],"line":340},"14":{"loc":{"start":{"line":361,"column":6},"end":{"line":366,"column":7}},"type":"if","locations":[{"start":{"line":361,"column":6},"end":{"line":366,"column":7}},{"start":{},"end":{}}],"line":361},"15":{"loc":{"start":{"line":370,"column":6},"end":{"line":375,"column":7}},"type":"if","locations":[{"start":{"line":370,"column":6},"end":{"line":375,"column":7}},{"start":{},"end":{}}],"line":370},"16":{"loc":{"start":{"line":424,"column":38},"end":{"line":424,"column":59}},"type":"binary-expr","locations":[{"start":{"line":424,"column":38},"end":{"line":424,"column":53}},{"start":{"line":424,"column":57},"end":{"line":424,"column":59}}],"line":424},"17":{"loc":{"start":{"line":424,"column":63},"end":{"line":424,"column":93}},"type":"binary-expr","locations":[{"start":{"line":424,"column":63},"end":{"line":424,"column":87}},{"start":{"line":424,"column":91},"end":{"line":424,"column":93}}],"line":424},"18":{"loc":{"start":{"line":424,"column":97},"end":{"line":424,"column":120}},"type":"binary-expr","locations":[{"start":{"line":424,"column":97},"end":{"line":424,"column":114}},{"start":{"line":424,"column":118},"end":{"line":424,"column":120}}],"line":424},"19":{"loc":{"start":{"line":446,"column":6},"end":{"line":452,"column":7}},"type":"if","locations":[{"start":{"line":446,"column":6},"end":{"line":452,"column":7}},{"start":{},"end":{}}],"line":446},"20":{"loc":{"start":{"line":458,"column":6},"end":{"line":463,"column":7}},"type":"if","locations":[{"start":{"line":458,"column":6},"end":{"line":463,"column":7}},{"start":{},"end":{}}],"line":458},"21":{"loc":{"start":{"line":469,"column":15},"end":{"line":469,"column":33}},"type":"binary-expr","locations":[{"start":{"line":469,"column":15},"end":{"line":469,"column":20}},{"start":{"line":469,"column":24},"end":{"line":469,"column":33}}],"line":469},"22":{"loc":{"start":{"line":470,"column":17},"end":{"line":470,"column":37}},"type":"binary-expr","locations":[{"start":{"line":470,"column":17},"end":{"line":470,"column":24}},{"start":{"line":470,"column":28},"end":{"line":470,"column":37}}],"line":470},"23":{"loc":{"start":{"line":485,"column":15},"end":{"line":485,"column":28}},"type":"binary-expr","locations":[{"start":{"line":485,"column":15},"end":{"line":485,"column":20}},{"start":{"line":485,"column":24},"end":{"line":485,"column":28}}],"line":485},"24":{"loc":{"start":{"line":486,"column":17},"end":{"line":486,"column":32}},"type":"binary-expr","locations":[{"start":{"line":486,"column":17},"end":{"line":486,"column":24}},{"start":{"line":486,"column":28},"end":{"line":486,"column":32}}],"line":486},"25":{"loc":{"start":{"line":511,"column":17},"end":{"line":511,"column":65}},"type":"binary-expr","locations":[{"start":{"line":511,"column":17},"end":{"line":511,"column":30}},{"start":{"line":511,"column":34},"end":{"line":511,"column":65}}],"line":511},"26":{"loc":{"start":{"line":522,"column":6},"end":{"line":528,"column":7}},"type":"if","locations":[{"start":{"line":522,"column":6},"end":{"line":528,"column":7}},{"start":{},"end":{}}],"line":522},"27":{"loc":{"start":{"line":534,"column":6},"end":{"line":539,"column":7}},"type":"if","locations":[{"start":{"line":534,"column":6},"end":{"line":539,"column":7}},{"start":{},"end":{}}],"line":534},"28":{"loc":{"start":{"line":542,"column":6},"end":{"line":547,"column":7}},"type":"if","locations":[{"start":{"line":542,"column":6},"end":{"line":547,"column":7}},{"start":{},"end":{}}],"line":542},"29":{"loc":{"start":{"line":606,"column":6},"end":{"line":612,"column":7}},"type":"if","locations":[{"start":{"line":606,"column":6},"end":{"line":612,"column":7}},{"start":{},"end":{}}],"line":606},"30":{"loc":{"start":{"line":618,"column":6},"end":{"line":623,"column":7}},"type":"if","locations":[{"start":{"line":618,"column":6},"end":{"line":623,"column":7}},{"start":{},"end":{}}],"line":618},"31":{"loc":{"start":{"line":626,"column":6},"end":{"line":653,"column":7}},"type":"if","locations":[{"start":{"line":626,"column":6},"end":{"line":653,"column":7}},{"start":{},"end":{}}],"line":626},"32":{"loc":{"start":{"line":626,"column":10},"end":{"line":626,"column":71}},"type":"binary-expr","locations":[{"start":{"line":626,"column":10},"end":{"line":626,"column":28}},{"start":{"line":626,"column":32},"end":{"line":626,"column":71}}],"line":626},"33":{"loc":{"start":{"line":632,"column":8},"end":{"line":652,"column":9}},"type":"if","locations":[{"start":{"line":632,"column":8},"end":{"line":652,"column":9}},{"start":{},"end":{}}],"line":632},"34":{"loc":{"start":{"line":635,"column":10},"end":{"line":651,"column":11}},"type":"if","locations":[{"start":{"line":635,"column":10},"end":{"line":651,"column":11}},{"start":{"line":641,"column":17},"end":{"line":651,"column":11}}],"line":635},"35":{"loc":{"start":{"line":641,"column":17},"end":{"line":651,"column":11}},"type":"if","locations":[{"start":{"line":641,"column":17},"end":{"line":651,"column":11}},{"start":{"line":645,"column":17},"end":{"line":651,"column":11}}],"line":641},"36":{"loc":{"start":{"line":645,"column":17},"end":{"line":651,"column":11}},"type":"if","locations":[{"start":{"line":645,"column":17},"end":{"line":651,"column":11}},{"start":{},"end":{}}],"line":645},"37":{"loc":{"start":{"line":645,"column":21},"end":{"line":645,"column":73}},"type":"binary-expr","locations":[{"start":{"line":645,"column":21},"end":{"line":645,"column":40}},{"start":{"line":645,"column":44},"end":{"line":645,"column":73}}],"line":645},"38":{"loc":{"start":{"line":661,"column":6},"end":{"line":668,"column":7}},"type":"if","locations":[{"start":{"line":661,"column":6},"end":{"line":668,"column":7}},{"start":{"line":664,"column":13},"end":{"line":668,"column":7}}],"line":661},"39":{"loc":{"start":{"line":663,"column":38},"end":{"line":663,"column":62}},"type":"binary-expr","locations":[{"start":{"line":663,"column":38},"end":{"line":663,"column":44}},{"start":{"line":663,"column":48},"end":{"line":663,"column":62}}],"line":663},"40":{"loc":{"start":{"line":664,"column":13},"end":{"line":668,"column":7}},"type":"if","locations":[{"start":{"line":664,"column":13},"end":{"line":668,"column":7}},{"start":{},"end":{}}],"line":664},"41":{"loc":{"start":{"line":664,"column":17},"end":{"line":664,"column":69}},"type":"binary-expr","locations":[{"start":{"line":664,"column":17},"end":{"line":664,"column":36}},{"start":{"line":664,"column":40},"end":{"line":664,"column":69}}],"line":664},"42":{"loc":{"start":{"line":683,"column":17},"end":{"line":683,"column":66}},"type":"binary-expr","locations":[{"start":{"line":683,"column":17},"end":{"line":683,"column":30}},{"start":{"line":683,"column":34},"end":{"line":683,"column":66}}],"line":683},"43":{"loc":{"start":{"line":716,"column":6},"end":{"line":722,"column":7}},"type":"if","locations":[{"start":{"line":716,"column":6},"end":{"line":722,"column":7}},{"start":{},"end":{}}],"line":716},"44":{"loc":{"start":{"line":737,"column":6},"end":{"line":742,"column":7}},"type":"if","locations":[{"start":{"line":737,"column":6},"end":{"line":742,"column":7}},{"start":{},"end":{}}],"line":737},"45":{"loc":{"start":{"line":768,"column":6},"end":{"line":773,"column":7}},"type":"if","locations":[{"start":{"line":768,"column":6},"end":{"line":773,"column":7}},{"start":{},"end":{}}],"line":768},"46":{"loc":{"start":{"line":776,"column":6},"end":{"line":781,"column":7}},"type":"if","locations":[{"start":{"line":776,"column":6},"end":{"line":781,"column":7}},{"start":{},"end":{}}],"line":776},"47":{"loc":{"start":{"line":818,"column":6},"end":{"line":824,"column":7}},"type":"if","locations":[{"start":{"line":818,"column":6},"end":{"line":824,"column":7}},{"start":{},"end":{}}],"line":818},"48":{"loc":{"start":{"line":828,"column":6},"end":{"line":833,"column":7}},"type":"if","locations":[{"start":{"line":828,"column":6},"end":{"line":833,"column":7}},{"start":{},"end":{}}],"line":828},"49":{"loc":{"start":{"line":828,"column":10},"end":{"line":828,"column":65}},"type":"binary-expr","locations":[{"start":{"line":828,"column":10},"end":{"line":828,"column":37}},{"start":{"line":828,"column":41},"end":{"line":828,"column":65}}],"line":828},"50":{"loc":{"start":{"line":859,"column":10},"end":{"line":863,"column":11}},"type":"if","locations":[{"start":{"line":859,"column":10},"end":{"line":863,"column":11}},{"start":{"line":861,"column":17},"end":{"line":863,"column":11}}],"line":859},"51":{"loc":{"start":{"line":861,"column":17},"end":{"line":863,"column":11}},"type":"if","locations":[{"start":{"line":861,"column":17},"end":{"line":863,"column":11}},{"start":{},"end":{}}],"line":861},"52":{"loc":{"start":{"line":861,"column":21},"end":{"line":861,"column":59}},"type":"binary-expr","locations":[{"start":{"line":861,"column":21},"end":{"line":861,"column":37}},{"start":{"line":861,"column":41},"end":{"line":861,"column":59}}],"line":861},"53":{"loc":{"start":{"line":867,"column":18},"end":{"line":867,"column":44}},"type":"binary-expr","locations":[{"start":{"line":867,"column":18},"end":{"line":867,"column":31}},{"start":{"line":867,"column":35},"end":{"line":867,"column":44}}],"line":867},"54":{"loc":{"start":{"line":869,"column":19},"end":{"line":869,"column":41}},"type":"binary-expr","locations":[{"start":{"line":869,"column":19},"end":{"line":869,"column":33}},{"start":{"line":869,"column":37},"end":{"line":869,"column":41}}],"line":869},"55":{"loc":{"start":{"line":870,"column":21},"end":{"line":870,"column":45}},"type":"binary-expr","locations":[{"start":{"line":870,"column":21},"end":{"line":870,"column":37}},{"start":{"line":870,"column":41},"end":{"line":870,"column":45}}],"line":870},"56":{"loc":{"start":{"line":872,"column":33},"end":{"line":872,"column":86}},"type":"cond-expr","locations":[{"start":{"line":872,"column":54},"end":{"line":872,"column":79}},{"start":{"line":872,"column":82},"end":{"line":872,"column":86}}],"line":872},"57":{"loc":{"start":{"line":905,"column":6},"end":{"line":911,"column":7}},"type":"if","locations":[{"start":{"line":905,"column":6},"end":{"line":911,"column":7}},{"start":{},"end":{}}],"line":905},"58":{"loc":{"start":{"line":915,"column":6},"end":{"line":920,"column":7}},"type":"if","locations":[{"start":{"line":915,"column":6},"end":{"line":920,"column":7}},{"start":{},"end":{}}],"line":915},"59":{"loc":{"start":{"line":915,"column":10},"end":{"line":915,"column":61}},"type":"binary-expr","locations":[{"start":{"line":915,"column":10},"end":{"line":915,"column":35}},{"start":{"line":915,"column":39},"end":{"line":915,"column":61}}],"line":915},"60":{"loc":{"start":{"line":932,"column":10},"end":{"line":935,
[...]
:3}},"loc":{"start":{"line":59,"column":81},"end":{"line":123,"column":3}},"line":59},"3":{"name":"(anonymous_3)","decl":{"start":{"line":128,"column":2},"end":{"line":128,"column":3}},"loc":{"start":{"line":128,"column":81},"end":{"line":194,"column":3}},"line":128},"4":{"name":"(anonymous_4)","decl":{"start":{"line":199,"column":2},"end":{"line":199,"column":3}},"loc":{"start":{"line":199,"column":55},"end":{"line":251,"column":3}},"line":199},"5":{"name":"(anonymous_5)","decl":{"start":{"line":256,"column":2},"end":{"line":256,"column":3}},"loc":{"start":{"line":256,"column":52},"end":{"line":318,"column":3}},"line":256},"6":{"name":"(anonymous_6)","decl":{"start":{"line":323,"column":2},"end":{"line":323,"column":3}},"loc":{"start":{"line":323,"column":70},"end":{"line":379,"column":3}},"line":323},"7":{"name":"(anonymous_7)","decl":{"start":{"line":384,"column":2},"end":{"line":384,"column":3}},"loc":{"start":{"line":384,"column":55},"end":{"line":440,"column":3}},"line":384},"8":{"name":"(anonymous_8)","decl":{"start":{"line":445,"column":2},"end":{"line":445,"column":3}},"loc":{"start":{"line":445,"column":51},"end":{"line":497,"column":3}},"line":445},"9":{"name":"(anonymous_9)","decl":{"start":{"line":502,"column":2},"end":{"line":502,"column":3}},"loc":{"start":{"line":502,"column":64},"end":{"line":528,"column":3}},"line":502}},"branchMap":{"0":{"loc":{"start":{"line":15,"column":4},"end":{"line":18,"column":5}},"type":"if","locations":[{"start":{"line":15,"column":4},"end":{"line":18,"column":5}},{"start":{},"end":{}}],"line":15},"1":{"loc":{"start":{"line":60,"column":4},"end":{"line":62,"column":5}},"type":"if","locations":[{"start":{"line":60,"column":4},"end":{"line":62,"column":5}},{"start":{},"end":{}}],"line":60},"2":{"loc":{"start":{"line":129,"column":4},"end":{"line":131,"column":5}},"type":"if","locations":[{"start":{"line":129,"column":4},"end":{"line":131,"column":5}},{"start":{},"end":{}}],"line":129},"3":{"loc":{"start":{"line":145,"column":24},"end":{"line":145,"column":45}},"type":"binary-expr","locations":[{"start":{"line":145,"column":24},"end":{"line":145,"column":34}},{"start":{"line":145,"column":38},"end":{"line":145,"column":45}}],"line":145},"4":{"loc":{"start":{"line":200,"column":4},"end":{"line":202,"column":5}},"type":"if","locations":[{"start":{"line":200,"column":4},"end":{"line":202,"column":5}},{"start":{},"end":{}}],"line":200},"5":{"loc":{"start":{"line":257,"column":4},"end":{"line":259,"column":5}},"type":"if","locations":[{"start":{"line":257,"column":4},"end":{"line":259,"column":5}},{"start":{},"end":{}}],"line":257},"6":{"loc":{"start":{"line":323,"column":49},"end":{"line":323,"column":68}},"type":"default-arg","locations":[{"start":{"line":323,"column":60},"end":{"line":323,"column":68}}],"line":323},"7":{"loc":{"start":{"line":324,"column":4},"end":{"line":326,"column":5}},"type":"if","locations":[{"start":{"line":324,"column":4},"end":{"line":326,"column":5}},{"start":{},"end":{}}],"line":324},"8":{"loc":{"start":{"line":328,"column":18},"end":{"line":328,"column":89}},"type":"cond-expr","locations":[{"start":{"line":328,"column":41},"end":{"line":328,"column":63}},{"start":{"line":328,"column":66},"end":{"line":328,"column":89}}],"line":328},"9":{"loc":{"start":{"line":385,"column":4},"end":{"line":387,"column":5}},"type":"if","locations":[{"start":{"line":385,"column":4},"end":{"line":387,"column":5}},{"start":{},"end":{}}],"line":385},"10":{"loc":{"start":{"line":446,"column":4},"end":{"line":448,"column":5}},"type":"if","locations":[{"start":{"line":446,"column":4},"end":{"line":448,"column":5}},{"start":{},"end":{}}],"line":446},"11":{"loc":{"start":{"line":502,"column":44},"end":{"line":502,"column":62}},"type":"default-arg","locations":[{"start":{"line":502,"column":58},"end":{"line":502,"column":62}}],"line":502},"12":{"loc":{"start":{"line":503,"column":4},"end":{"line":505,"column":5}},"type":"if","locations":[{"start":{"line":503,"column":4},"end":{"line":505,"column":5}},{"start":{},"end":{}}],"line":503},"13":{"loc":{"start":{"line":513,"column":25},"end":{"line":513,"column":54}},"type":"cond-expr","locations":[{"start":{"line":513,"column":39},"end":{"line":513,"column":45}},{"start":{"line":513,"column":48},"end":{"line":513,"column":54}}],"line":513},"14":{"loc":{"start":{"line":514,"column":21},"end":{"line":514,"column":47}},"type":"binary-expr","locations":[{"start":{"line":514,"column":21},"end":{"line":514,"column":32}},{"start":{"line":514,"column":36},"end":{"line":514,"column":47}}],"line":514}},"s":{"0":9,"1":0,"2":0,"3":0,"4":0,"5":0,"6":0,"7":0,"8":0,"9":0,"10":0,"11":0,"12":0,"13":0,"14":0,"15":0,"16":0,"17":0,"18":0,"19":0,"20":0,"21":0,"22":0,"23":0,"24":0,"25":0,"26":0,"27":0,"28":0,"29":0,"30":0,"31":0,"32":0,"33":0,"34":0,"35":0,"36":0,"37":0,"38":0,"39":0,"40":3,"41":1,"42":2,"43":2,"44":1,"45":1,"46":1,"47":1,"48":1,"49":2,"50":0,"51":2,"52":2,"53":2,"54":2,"55":2,"56":2,"57":0,"58":0,"59":1,"60":0,"61":1,"62":1,"63":1,"64":1,"65":1,"66":0,"67":0,"68":1,"69":0,"70":1,"71":1,"72":1,"73":1,"74":1,"75":0,"76":0,"77":2,"78":0,"79":2,"80":2,"81":2,"82":2,"83":2,"84":0,"85":0,"86":1},"f":{"0":9,"1":0,"2":0,"3":0,"4":0,"5":3,"6":2,"7":1,"8":1,"9":2},"b":{"0":[0,0],"1":[0,0],"2":[0,0],"3":[0,0],"4":[0,0],"5":[1,2],"6":[0],"7":[0,2],"8":[1,1],"9":[0,1],"10":[0,1],"11":[1],"12":[0,2],"13":[1,1],"14":[2,1]},"_coverageSchema":"1a1c01bbd47fc00a2c39e90264f33305004495a9","hash":"8aea51fa126492361b2daed88431b7bf8f2128df"}
,"/app/backend/services/StripeService.js": {"path":"/app/backend/services/StripeService.js","statementMap":{"0":{"start":{"line":8,"column":4},"end":{"line":8,"column":25}},"1":{"start":{"line":9,"column":4},"end":{"line":9,"column":37}},"2":{"start":{"line":16,"column":4},"end":{"line":16,"column":25}},"3":{"start":{"line":23,"column":4},"end":{"line":25,"column":5}},"4":{"start":{"line":24,"column":6},"end":{"line":24,"column":47}},"5":{"start":{"line":27,"column":4},"end":{"line":55,"column":5}},"6":{"start":{"line":29,"column":23},"end":{"line":32,"column":8}},"7":{"start":{"line":34,"column":30},"end":{"line":36,"column":7}},"8":{"start":{"line":35,"column":8},"end":{"line":35,"column":57}},"9":{"start":{"line":38,"column":6},"end":{"line":41,"column":7}},"10":{"start":{"line":39,"column":8},"end":{"line":39,"column":79}},"11":{"start":{"line":40,"column":8},"end":{"line":40,"column":31}},"12":{"start":{"line":44,"column":22},"end":{"line":48,"column":8}},"13":{"start":{"line":50,"column":6},"end":{"line":50,"column":66}},"14":{"start":{"line":51,"column":6},"end":{"line":51,"column":21}},"15":{"start":{"line":53,"column":6},"end":{"line":53,"column":72}},"16":{"start":{"line":54,"column":6},"end":{"line":54,"column":18}},"17":{"start":{"line":62,"column":4},"end":{"line":64,"column":5}},"18":{"start":{"line":63,"column":6},"end":{"line":63,"column":47}},"19":{"start":{"line":66,"column":4},"end":{"line":97,"column":5}},"20":{"start":{"line":68,"column":21},"end":{"line":71,"column":8}},"21":{"start":{"line":73,"column":28},"end":{"line":77,"column":7}},"22":{"start":{"line":74,"column":8},"end":{"line":76,"column":46}},"23":{"start":{"line":79,"column":6},"end":{"line":82,"column":7}},"24":{"start":{"line":80,"column":8},"end":{"line":80,"column":75}},"25":{"start":{"line":81,"column":8},"end":{"line":81,"column":29}},"26":{"start":{"line":85,"column":20},"end":{"line":90,"column":8}},"27":{"start":{"line":92,"column":6},"end":{"line":92,"column":62}},"28":{"start":{"line":93,"column":6},"end":{"line":93,"column":19}},"29":{"start":{"line":95,"column":6},"end":{"line":95,"column":70}},"30":{"start":{"line":96,"column":6},"end":{"line":96,"column":18}},"31":{"start":{"line":104,"column":4},"end":{"line":106,"column":5}},"32":{"start":{"line":105,"column":6},"end":{"line":105,"column":47}},"33":{"start":{"line":108,"column":4},"end":{"line":131,"column":5}},"34":{"start":{"line":109,"column":23},"end":{"line":124,"column":8}},"35":{"start":{"line":126,"column":6},"end":{"line":126,"column":64}},"36":{"start":{"line":127,"column":6},"end":{"line":127,"column":22}},"37":{"start":{"line":129,"column":6},"end":{"line":129,"column":73}},"38":{"start":{"line":130,"column":6},"end":{"line":130,"column":18}},"39":{"start":{"line":138,"column":4},"end":{"line":140,"column":5}},"40":{"start":{"line":139,"column":6},"end":{"line":139,"column":47}},"41":{"start":{"line":142,"column":4},"end":{"line":163,"column":5}},"42":{"start":{"line":143,"column":31},"end":{"line":150,"column":7}},"43":{"start":{"line":153,"column":6},"end":{"line":155,"column":7}},"44":{"start":{"line":154,"column":8},"end":{"line":154,"column":66}},"45":{"start":{"line":157,"column":27},"end":{"line":157,"column":83}},"46":{"start":{"line":158,"column":6},"end":{"line":158,"column":72}},"47":{"start":{"line":159,"column":6},"end":{"line":159,"column":26}},"48":{"start":{"line":161,"column":6},"end":{"line":161,"column":77}},"49":{"start":{"line":162,"column":6},"end":{"line":162,"column":18}},"50":{"start":{"line":170,"column":4},"end":{"line":172,"column":5}},"51":{"start":{"line":171,"column":6},"end":{"line":171,"column":47}},"52":{"start":{"line":174,"column":4},"end":{"line":207,"column":5}},"53":{"start":{"line":175,"column":23},"end":{"line":175,"column":25}},"54":{"start":{"line":177,"column":6},"end":{"line":199,"column":7}},"55":{"start":{"line":179,"column":10},"end":{"line":179,"column":65}},"56":{"start":{"line":180,"column":10},"end":{"line":180,"column":77}},"57":{"start":{"line":181,"column":10},"end":{"line":181,"column":17}},"58":{"start":{"line":184,"column":10},"end":{"line":186,"column":12}},"59":{"start":{"line":187,"column":10},"end":{"line":187,"column":75}},"60":{"start":{"line":188,"column":10},"end":{"line":188,"column":16}},"61":{"start":{"line":191,"column":10},"end":{"line":193,"column":12}},"62":{"start":{"line":194,"column":10},"end":{"line":194,"column":76}},"63":{"start":{"line":195,"column":10},"end":{"line":195,"column":16}},"64":{"start":{"line":198,"column":10},"end":{"line":198,"column":68}},"65":{"start":{"line":201,"column":27},"end":{"line":201,"column":93}},"66":{"start":{"line":202,"column":6},"end":{"line":202,"column":90}},"67":{"start":{"line":203,"column":6},"end":{"line":203,"column":26}},"68":{"start":{"line":205,"column":6},"end":{"line":205,"column":75}},"69":{"start":{"line":206,"column":6},"end":{"line":206,"column":18}},"70":{"start":{"line":214,"column":4},"end":{"line":216,"column":5}},"71":{"start":{"line":215,"column":6},"end":{"line":215,"column":47}},"72":{"start":{"line":218,"column":4},"end":{"line":229,"column":5}},"73":{"start":{"line":219,"column":28},"end":{"line":222,"column":8}},"74":{"start":{"line":224,"column":6},"end":{"line":224,"column":83}},"75":{"start":{"line":225,"column":6},"end":{"line":225,"column":27}},"76":{"start":{"line":227,"column":6},"end":{"line":227,"column":79}},"77":{"start":{"line":228,"column":6},"end":{"line":228,"column":18}},"78":{"start":{"line":236,"column":4},"end":{"line":238,"column":5}},"79":{"start":{"line":237,"column":6},"end":{"line":237,"column":47}},"80":{"start":{"line":240,"column":4},"end":{"line":246,"column":5}},"81":{"start":{"line":241,"column":23},"end":{"line":241,"column":71}},"82":{"start":{"line":242,"column":6},"end":{"line":242,"column":22}},"83":{"start":{"line":244,"column":6},"end":{"line":244,"column":76}},"84":{"start":{"line":245,"column":6},"end":{"line":245,"column":18}},"85":{"start":{"line":253,"column":4},"end":{"line":255,"column":5}},"86":{"start":{"line":254,"column":6},"end":{"line":254,"column":47}},"87":{"start":{"line":257,"column":4},"end":{"line":266,"column":5}},"88":{"start":{"line":258,"column":28},"end":{"line":261,"column":8}},"89":{"start":{"line":262,"column":6},"end":{"line":262,"column":27}},"90":{"start":{"line":264,"column":6},"end":{"line":264,"column":83}},"91":{"start":{"line":265,"column":6},"end":{"line":265,"column":18}},"92":{"start":{"line":273,"column":4},"end":{"line":273,"column":65}},"93":{"start":{"line":277,"column":0},"end":{"line":277,"column":31}}},"fnMap":{"0":{"name":"(anonymous_0)","decl":{"start":{"line":7,"column":2},"end":{"line":7,"column":3}},"loc":{"start":{"line":7,"column":36},"end":{"line":10,"column":3}},"line":7},"1":{"name":"(anonymous_1)","decl":{"start":{"line":15,"column":2},"end":{"line":15,"column":3}},"loc":{"start":{"line":15,"column":17},"end":{"line":17,"column":3}},"line":15},"2":{"name":"(anonymous_2)","decl":{"start":{"line":22,"column":2},"end":{"line":22,"column":3}},"loc":{"start":{"line":22,"column":53},"end":{"line":56,"column":3}},"line":22},"3":{"name":"(anonymous_3)","decl":{"start":{"line":34,"column":49},"end":{"line":34,"column":50}},"loc":{"start":{"line":35,"column":8},"end":{"line":35,"column":57}},"line":35},"4":{"name":"(anonymous_4)","decl":{"start":{"line":61,"column":2},"end":{"line":61,"column":3}},"loc":{"start":{"line":61,"column":82},"end":{"line":98,"column":3}},"line":61},"5":{"name":"(anonymous_5)","decl":{"start":{"line":73,"column":45},"end":{"line":73,"column":46}},"loc":{"start":{"line":74,"column":8},"end":{"line":76,"column":46}},"line":74},"6":{"name":"(anonymous_6)","decl":{"start":{"line":103,"column":2},"end":{"line":103,"column":3}},"loc":{"start":{"line":103,"column":37},"end":{"line":132,"column":3}},"line":103},"7":{"name":"(anonymous_7)","decl":{"start":{"line":137,"column":2},"end":{"line":137,"column":3}},"loc":{"start":{"line":137,"column":62},"end":{"line":164,"column":3}},"line":137},"8":{"name":"(anonymous_8)","decl":{"start":{"line":169,"column":2},"end":{"line":169,"column":3}},"loc":{"start":{"line":169,"column":57},"end":{"line":208,"column":3}},"line":169},"9":{"name":"(anonymous_9)","decl":{"start":{"line":213,"column":2},"end":{"line":213,"column":3}},"loc":{"start":{"line":213,"column":59},"end":{"line":230,"column":3}},"line":213},"10":{"name":"(anonymous_10)","decl":{"start":{"line":235,"column":2},"end":{"line":235,"column":3}},"loc":{"start":{"line":235,"column":32},"end":{"line":247,"column":3}},"line":235},"11":{"name":"(anonymous_11)","decl":{"start":{"line":252,"column":2},"end":{"line":252,"column":3}},"loc":{"start":{"line":252,"column":57},"end":{"line":267,"column":3}},"line":252},"12":{"name":"(anonymous_12)","decl":{"start":{"line":272,"column":2},"end":{"line":272,"column":3}},"loc":{"start":{"line":272,"column":38},"end":{"line":274,"column":3}},"line":272}},"branchMap":{"0":{"loc":{"start":{"line":22,"column":33},"end":{"line":22,"column":51}},"type":"default-arg","locations":[{"start":{"line":22,"column":47},"end":{"line":22,"column":51}}],"line":22},"1":{"loc":{"start":{"line":23,"column":4},"end":{"line":25,"column":5}},"type":"if","locations":[{"start":{"line":23,"column":4},"end":{"line":25,"column":5}},{"start":{},"end":{}}],"line":23},"2":{"loc":{"start":{"line":38,"column":6},"end":{"line":41,"column":7}},"type":"if","locations":[{"start":{"line":38,"column":6},"end":{"line":41,"column":7}},{"start":{},"end":{}}],"line":38},"3":{"loc":{"start":{"line":46,"column":21},"end":{"line":46,"column":58}},"type":"binary-expr","locations":[{"start":{"line":46,"column":21},"end":{"line":46,"column":32}},{"start":{"line":46,"column":36},"end":{"line":46,"column":58}}],"line":46},"4":{"loc":{"start":{"line":61,"column":44},"end":{"line":61,"column":60}},"type":"default-arg","locations":[{"start":{"line":61,"column":55},"end":{"line":61,"column":60}}],"line":61},"5":{"loc":{"start":{"line":61,"column":62},"end":{"line":61,"column":80}},"type":"default-arg","locations":[{"start":{"line":61,"column":73},"end":{"line":61,"column":80}}],"line":61},"6":{"loc":{"start":{"line":62,"column":4},"end":{"line":64,"column":5}},"type":"if","locations":[{"start":{"line":62,"column":4},"end":{"line":64,"column":5}},{"start":{},"end":{}}],"line":62},"7":{"loc":{"start":{"line":74,"column":8},"end":{"line":76,"column":46}},"type":"binary-expr","locations":[{"start":{"line":74,"column":8},"end":{"line":74,"column":54}},{"start":{"line":75,"column":8},"end":{"line":75,"column":35}},{"start":{"line":76,"column":8},"end":{"line":76,"column":46}}],"line":74},"8":{"loc":{"start":{"line":79,"column":6},"end":{"line":82,"column":7}},"type":"if","locations":[{"start":{"line":79,"column":6},"end":{"line":82,"column":7}},{"start":{},"end":{}}],"line":79},"9":{"loc":{"start":{"line":104,"column":4},"end":{"line":106,"column":5}},"type":"if","locations":[{"start":{"line":104,"column":4},"end":{"line":106,"column":5}},{"start":{},"end":{}}],"line":104},"10":{"loc":{"start":{"line":113,"column":17},"end":{"line":119,"column":21}},"type":"cond-expr","locations":[{"start":{"line":113,"column":40},"end":{"line":119,"column":9}},{"start":{"line":119,"column":12},"end":{"line":119,"column":21}}],"line":113},"11":{"loc":{"start":{"line":118,"column":19},"end":{"line":118,"column":55}},"type":"binary-expr","locations":[{"start":{"line":118,"column":19},"end":{"line":118,"column":47}},{"start":{"line":118,"column":51},"end":{"line":118,"column":55}}],"line":118},"12":{"loc":{"start":{"line":137,"column":48},"end":{"line":137,"column":60}},"type":"default-arg","locations":[{"start":{"line":137,"column":58},"end":{"line":137,"column":60}}],"line":137},"13":{"loc":{"start":{"line":138,"column":4},"end":{"line":140,"column":5}},"type":"if","locations":[{"start":{"line":138,"column":4},"end":{"line":140,"column":5}},{"start":{},"end":{}}],"line":138},"14":{"loc":{"start":{"line":153,"column":6},"end":{"line":155,"column":7}},"type":"if","locations":[{"start":{"line":153,"column":6},"end":{"line":155,"column":7}},{"start":{},"end":{}}],"line":153},"15":{"loc":{"start":{"line":170,"column":4},"end":{"line":172,"column":5}},"type":"if","locations":[{"start":{"line":170,"column":4},"end":{"line":172,"column":5}},{"start":{},"end":{}}],"line":170},"16":{"loc":{"start":{"line":177,"column":6},"end":{"line":199,"column":7}},"type":"switch","locations":[{"start":{"line":178,"column":8},"end":{"line":181,"column":17}},{"start":{"line":183,"column":8},"end":{"line":188,"column":16}},{"start":{"line":190,"column":8},"end":{"line":195,"column":16}},{"start":{"line":197,"column":8},"end":{"line":198,"column":68}}],"line":177},"17":{"loc":{"start":{"line":214,"column":4},"end":{"line":216,"column":5}},"type":"if","locations":[{"start":{"line":214,"column":4},"end":{"line":216,"column":5}},{"start":{},"end":{}}],"line":214},"18":{"loc":{"start":{"line":236,"column":4},"end":{"line":238,"column":5}},"type":"if","locations":[{"start":{"line":236,"column":4},"end":{"line":238,"column":5}},{"start":{},"end":{}}],"line":236},"19":{"loc":{"start":{"line":252,"column":45},"end":{"line":252,"column":55}},"type":"default-arg","locations":[{"start":{"line":252,"column":53},"end":{"line":252,"column":55}}],"line":252},"20":{"loc":{"start":{"line":253,"column":4},"end":{"line":255,"column":5}},"type":"if","locations":[{"start":{"line":253,"column":4},"end":{"line":255,"column":5}},{"start":{},"end":{}}],"line":253}},"s":{"0":0,"1":0,"2":0,"3":0,"4":0,"5":0,"6":0,"7":0,"8":0,"9":0,"10":0,"11":0,"12":0,"13":0,"14":0,"15":0,"16":0,"17":0,"18":0,"19":0,"20":0,"21":0,"22":0,"23":0,"24":0,"25":0,"26":0,"27":0,"28":0,"29":0,"30":0,"31":0,"32":0,"33":0,"34":0,"35":0,"36":0,"37":0,"38":0,"39":0,"40":0,"41":0,"42":0,"43":0,"44":0,"45":0,"46":0,"47":0,"48":0,"49":0,"50":0,"51":0,"52":0,"53":0,"54":0,"55":0,"56":0,"57":0,"58":0,"59":0,"60":0,"61":0,"62":0,"63":0,"64":0,"65":0,"66":0,"67":0,"68":0,"69":0,"70":0,"71":0,"72":0,"73":0,"74":0,"75":0,"76":0,"77":0,"78":0,"79":0,"80":0,"81":0,"82":0,"83":0,"84":0,"85":0,"86":0,"87":0,"88":0,"89":0,"90":0,"91":0,"92":0,"93":0},"f":{"0":0,"1":0,"2":0,"3":0,"4":0,"5":0,"6":0,"7":0,"8":0,"9":0,"10":0,"11":0,"12":0},"b":{"0":[0],"1":[0,0],"2":[0,0],"3":[0,0],"4":[0],"5":[0],"6":[0,0],"7":[0,0,0],"8":[0,0],"9":[0,0],"10":[0,0],"11":[0,0],"12":[0],"13":[0,0],"14":[0,0],"15":[0,0],"16":[0,0,0,0],"17":[0,0],"18":[0,0],"19":[0],"20":[0,0]}}
}
