TN:
SF:config/database.js
FN:9,(anonymous_0)
FN:20,(anonymous_1)
FN:46,(anonymous_2)
FN:72,(anonymous_3)
FN:111,(anonymous_4)
FN:143,(anonymous_5)
FN:161,(anonymous_6)
FNF:7
FNH:0
FNDA:0,(anonymous_0)
FNDA:0,(anonymous_1)
FNDA:0,(anonymous_2)
FNDA:0,(anonymous_3)
FNDA:0,(anonymous_4)
FNDA:0,(anonymous_5)
FNDA:0,(anonymous_6)
DA:6,0
DA:10,0
DA:11,0
DA:12,0
DA:13,0
DA:21,0
DA:22,0
DA:23,0
DA:24,0
DA:27,0
DA:29,0
DA:30,0
DA:32,0
DA:37,0
DA:38,0
DA:47,0
DA:49,0
DA:59,0
DA:61,0
DA:63,0
DA:64,0
DA:73,0
DA:75,0
DA:76,0
DA:79,0
DA:80,0
DA:83,0
DA:84,0
DA:85,0
DA:88,0
DA:89,0
DA:90,0
DA:93,0
DA:94,0
DA:95,0
DA:98,0
DA:99,0
DA:102,0
DA:112,0
DA:113,0
DA:115,0
DA:116,0
DA:117,0
DA:119,0
DA:126,0
DA:127,0
DA:128,0
DA:129,0
DA:131,0
DA:134,0
DA:144,0
DA:145,0
DA:148,0
DA:149,0
DA:156,0
DA:161,0
DA:164,0
DA:165,0
DA:170,0
LF:59
LH:0
BRDA:115,0,0,0
BRDA:115,0,1,0
BRDA:144,1,0,0
BRDA:144,1,1,0
BRF:4
BRH:0
end_of_record
TN:
SF:config/email.js
FN:9,(anonymous_0)
FN:19,(anonymous_1)
FN:50,(anonymous_2)
FN:72,(anonymous_3)
FN:86,(anonymous_4)
FN:99,(anonymous_5)
FN:114,(anonymous_6)
FN:122,(anonymous_7)
FNF:8
FNH:0
FNDA:0,(anonymous_0)
FNDA:0,(anonymous_1)
FNDA:0,(anonymous_2)
FNDA:0,(anonymous_3)
FNDA:0,(anonymous_4)
FNDA:0,(anonymous_5)
FNDA:0,(anonymous_6)
FNDA:0,(anonymous_7)
DA:6,0
DA:10,0
DA:11,0
DA:12,0
DA:20,0
DA:21,0
DA:22,0
DA:25,0
DA:27,0
DA:35,0
DA:36,0
DA:37,0
DA:39,0
DA:41,0
DA:42,0
DA:51,0
DA:52,0
DA:55,0
DA:57,0
DA:61,0
DA:63,0
DA:64,0
DA:68,0
DA:70,0
DA:72,0
DA:76,0
DA:77,0
DA:87,0
DA:100,0
DA:115,0
DA:123,0
DA:127,0
LF:32
LH:0
BRDA:20,0,0,0
BRDA:20,0,1,0
BRDA:51,1,0,0
BRDA:51,1,1,0
BRDA:63,2,0,0
BRDA:63,2,1,0
BRDA:63,3,0,0
BRDA:63,3,1,0
BRDA:88,4,0,0
BRDA:88,4,1,0
BRDA:88,4,2,0
BRDA:88,4,3,0
BRF:12
BRH:0
end_of_record
TN:
SF:config/environment.js
FN:7,(anonymous_0)
FN:16,(anonymous_1)
FN:30,(anonymous_2)
FN:35,(anonymous_3)
FN:40,(anonymous_4)
FN:45,(anonymous_5)
FN:50,(anonymous_6)
FN:55,(anonymous_7)
FN:60,(anonymous_8)
FN:65,(anonymous_9)
FN:70,(anonymous_10)
FN:89,(anonymous_11)
FN:94,(anonymous_12)
FN:99,(anonymous_13)
FN:104,(anonymous_14)
FN:109,(anonymous_15)
FN:114,(anonymous_16)
FN:119,(anonymous_17)
FN:124,(anonymous_18)
FN:129,(anonymous_19)
FN:148,(anonymous_20)
FN:185,(anonymous_21)
FN:191,(anonymous_22)
FN:200,(anonymous_23)
FN:215,(anonymous_24)
FNF:25
FNH:0
FNDA:0,(anonymous_0)
FNDA:0,(anonymous_1)
FNDA:0,(anonymous_2)
FNDA:0,(anonymous_3)
FNDA:0,(anonymous_4)
FNDA:0,(anonymous_5)
FNDA:0,(anonymous_6)
FNDA:0,(anonymous_7)
FNDA:0,(anonymous_8)
FNDA:0,(anonymous_9)
FNDA:0,(anonymous_10)
FNDA:0,(anonymous_11)
FNDA:0,(anonymous_12)
FNDA:0,(anonymous_13)
FNDA:0,(anonymous_14)
FNDA:0,(anonymous_15)
FNDA:0,(anonymous_16)
FNDA:0,(anonymous_17)
FNDA:0,(anonymous_18)
FNDA:0,(anonymous_19)
FNDA:0,(anonymous_20)
FNDA:0,(anonymous_21)
FNDA:0,(anonymous_22)
FNDA:0,(anonymous_23)
FNDA:0,(anonymous_24)
DA:8,0
DA:9,0
DA:17,0
DA:19,0
DA:20,0
DA:21,0
DA:23,0
DA:31,0
DA:35,0
DA:40,0
DA:45,0
DA:50,0
DA:55,0
DA:60,0
DA:65,0
DA:69,0
DA:70,0
DA:71,0
DA:73,0
DA:74,0
DA:75,0
DA:76,0
DA:77,0
DA:78,0
DA:80,0
DA:90,0
DA:94,0
DA:99,0
DA:104,0
DA:109,0
DA:114,0
DA:119,0
DA:124,0
DA:128,0
DA:129,0
DA:130,0
DA:132,0
DA:133,0
DA:134,0
DA:135,0
DA:136,0
DA:137,0
DA:139,0
DA:149,0
DA:151,0
DA:152,0
DA:155,0
DA:156,0
DA:157,0
DA:158,0
DA:159,0
DA:161,0
DA:162,0
DA:163,0
DA:165,0
DA:170,0
DA:171,0
DA:172,0
DA:173,0
DA:174,0
DA:175,0
DA:176,0
DA:186,0
DA:188,0
DA:189,0
DA:190,0
DA:191,0
DA:192,0
DA:193,0
DA:194,0
DA:197,0
DA:198,0
DA:199,0
DA:200,0
DA:201,0
DA:203,0
DA:204,0
DA:207,0
DA:208,0
DA:216,0
DA:246,0
LF:81
LH:0
BRDA:35,0,0,0
BRDA:35,0,1,0
BRDA:40,1,0,0
BRDA:40,1,1,0
BRDA:45,2,0,0
BRDA:45,2,1,0
BRDA:50,3,0,0
BRDA:50,3,1,0
BRDA:55,4,0,0
BRDA:55,4,1,0
BRDA:60,5,0,0
BRDA:60,5,1,0
BRDA:60,5,2,0
BRDA:65,6,0,0
BRDA:65,6,1,0
BRDA:73,7,0,0
BRDA:73,7,1,0
BRDA:76,8,0,0
BRDA:76,8,1,0
BRDA:76,9,0,0
BRDA:76,9,1,0
BRDA:94,10,0,0
BRDA:94,10,1,0
BRDA:99,11,0,0
BRDA:99,11,1,0
BRDA:104,12,0,0
BRDA:104,12,1,0
BRDA:109,13,0,0
BRDA:109,13,1,0
BRDA:114,14,0,0
BRDA:114,14,1,0
BRDA:114,14,2,0
BRDA:119,15,0,0
BRDA:119,15,1,0
BRDA:119,15,2,0
BRDA:124,16,0,0
BRDA:124,16,1,0
BRDA:132,17,0,0
BRDA:132,17,1,0
BRDA:135,18,0,0
BRDA:135,18,1,0
BRDA:135,19,0,0
BRDA:135,19,1,0
BRDA:151,20,0,0
BRDA:151,20,1,0
BRDA:157,21,0,0
BRDA:157,21,1,0
BRDA:157,22,0,0
BRDA:157,22,1,0
BRDA:161,23,0,0
BRDA:161,23,1,0
BRDA:165,24,0,0
BRDA:165,24,1,0
BRDA:172,25,0,0
BRDA:172,25,1,0
BRDA:172,26,0,0
BRDA:172,26,1,0
BRDA:172,26,2,0
BRDA:175,27,0,0
BRDA:175,27,1,0
BRDA:175,28,0,0
BRDA:175,28,1,0
BRDA:188,29,0,0
BRDA:188,29,1,0
BRDA:197,30,0,0
BRDA:197,30,1,0
BRDA:217,31,0,0
BRDA:217,31,1,0
BRDA:218,32,0,0
BRDA:218,32,1,0
BRDA:219,33,0,0
BRDA:219,33,1,0
BRDA:220,34,0,0
BRDA:220,34,1,0
BRDA:225,35,0,0
BRDA:225,35,1,0
BRDA:239,36,0,0
BRDA:239,36,1,0
BRDA:240,37,0,0
BRDA:240,37,1,0
BRF:80
BRH:0
end_of_record
TN:
SF:config/stripe.js
FN:7,(anonymous_0)
FN:18,(anonymous_1)
FN:44,(anonymous_2)
FN:52,(anonymous_3)
FN:62,(anonymous_4)
FN:83,(anonymous_5)
FNF:6
FNH:0
FNDA:0,(anonymous_0)
FNDA:0,(anonymous_1)
FNDA:0,(anonymous_2)
FNDA:0,(anonymous_3)
FNDA:0,(anonymous_4)
FNDA:0,(anonymous_5)
DA:8,0
DA:9,0
DA:10,0
DA:11,0
DA:19,0
DA:20,0
DA:21,0
DA:24,0
DA:25,0
DA:26,0
DA:28,0
DA:29,0
DA:30,0
DA:31,0
DA:33,0
DA:35,0
DA:36,0
DA:45,0
DA:53,0
DA:63,0
DA:64,0
DA:67,0
DA:68,0
DA:74,0
DA:75,0
DA:84,0
DA:93,0
LF:27
LH:0
BRDA:19,0,0,0
BRDA:19,0,1,0
BRDA:29,1,0,0
BRDA:29,1,1,0
BRDA:30,2,0,0
BRDA:30,2,1,0
BRDA:31,3,0,0
BRDA:31,3,1,0
BRDA:63,4,0,0
BRDA:63,4,1,0
BRDA:63,5,0,0
BRDA:63,5,1,0
BRDA:86,6,0,0
BRDA:86,6,1,0
BRDA:86,7,0,0
BRDA:86,7,1,0
BRF:16
BRH:0
end_of_record
TN:
SF:controllers/AdminController.js
FN:14,(anonymous_0)
FN:29,(anonymous_1)
FN:73,(anonymous_2)
FN:113,(anonymous_3)
FN:143,(anonymous_4)
FN:184,(anonymous_5)
FN:243,(anonymous_6)
FN:274,(anonymous_7)
FN:295,(anonymous_8)
FN:356,(anonymous_9)
FN:396,(anonymous_10)
FN:417,(anonymous_11)
FN:423,(anonymous_12)
FN:443,(anonymous_13)
FN:519,(anonymous_14)
FN:581,(anonymous_15)
FN:603,(anonymous_16)
FN:691,(anonymous_17)
FN:713,(anonymous_18)
FN:763,(anonymous_19)
FN:815,(anonymous_20)
FN:854,(anonymous_21)
FN:855,(anonymous_22)
FN:902,(anonymous_23)
FN:1008,(anonymous_24)
FN:1069,(anonymous_25)
FNF:26
FNH:0
FNDA:0,(anonymous_0)
FNDA:0,(anonymous_1)
FNDA:0,(anonymous_2)
FNDA:0,(anonymous_3)
FNDA:0,(anonymous_4)
FNDA:0,(anonymous_5)
FNDA:0,(anonymous_6)
FNDA:0,(anonymous_7)
FNDA:0,(anonymous_8)
FNDA:0,(anonymous_9)
FNDA:0,(anonymous_10)
FNDA:0,(anonymous_11)
FNDA:0,(anonymous_12)
FNDA:0,(anonymous_13)
FNDA:0,(anonymous_14)
FNDA:0,(anonymous_15)
FNDA:0,(anonymous_16)
FNDA:0,(anonymous_17)
FNDA:0,(anonymous_18)
FNDA:0,(anonymous_19)
FNDA:0,(anonymous_20)
FNDA:0,(anonymous_21)
FNDA:0,(anonymous_22)
FNDA:0,(anonymous_23)
FNDA:0,(anonymous_24)
FNDA:0,(anonymous_25)
DA:6,0
DA:7,0
DA:8,0
DA:9,0
DA:10,0
DA:11,0
DA:15,0
DA:16,0
DA:17,0
DA:20,0
DA:21,0
DA:22,0
DA:23,0
DA:30,0
DA:31,0
DA:32,0
DA:33,0
DA:39,0
DA:40,0
DA:41,0
DA:43,0
DA:52,0
DA:53,0
DA:55,0
DA:62,0
DA:63,0
DA:74,0
DA:75,0
DA:76,0
DA:77,0
DA:84,0
DA:85,0
DA:88,0
DA:93,0
DA:102,0
DA:103,0
DA:114,0
DA:115,0
DA:117,0
DA:118,0
DA:124,0
DA:126,0
DA:132,0
DA:133,0
DA:144,0
DA:145,0
DA:146,0
DA:147,0
DA:153,0
DA:154,0
DA:156,0
DA:157,0
DA:158,0
DA:160,0
DA:161,0
DA:163,0
DA:167,0
DA:173,0
DA:174,0
DA:185,0
DA:186,0
DA:187,0
DA:188,0
DA:195,0
DA:199,0
DA:200,0
DA:201,0
DA:202,0
DA:205,0
DA:212,0
DA:213,0
DA:224,0
DA:226,0
DA:232,0
DA:233,0
DA:244,0
DA:245,0
DA:246,0
DA:247,0
DA:254,0
DA:255,0
DA:257,0
DA:263,0
DA:264,0
DA:275,0
DA:276,0
DA:278,0
DA:284,0
DA:285,0
DA:296,0
DA:297,0
DA:298,0
DA:299,0
DA:306,0
DA:309,0
DA:310,0
DA:311,0
DA:318,0
DA:320,0
DA:330,0
DA:331,0
DA:333,0
DA:345,0
DA:346,0
DA:357,0
DA:358,0
DA:361,0
DA:362,0
DA:368,0
DA:370,0
DA:371,0
DA:377,0
DA:379,0
DA:385,0
DA:386,0
DA:397,0
DA:398,0
DA:400,0
DA:406,0
DA:407,0
DA:418,0
DA:419,0
DA:422,0
DA:423,0
DA:424,0
DA:427,0
DA:428,0
DA:429,0
DA:432,0
DA:433,0
DA:444,0
DA:445,0
DA:446,0
DA:447,0
DA:454,0
DA:457,0
DA:458,0
DA:459,0
DA:466,0
DA:477,0
DA:478,0
DA:481,0
DA:494,0
DA:497,0
DA:499,0
DA:501,0
DA:508,0
DA:509,0
DA:520,0
DA:521,0
DA:522,0
DA:523,0
DA:530,0
DA:533,0
DA:534,0
DA:535,0
DA:542,0
DA:543,0
DA:550,0
DA:551,0
DA:554,0
DA:557,0
DA:562,0
DA:564,0
DA:570,0
DA:571,0
DA:582,0
DA:583,0
DA:585,0
DA:592,0
DA:593,0
DA:604,0
DA:605,0
DA:606,0
DA:607,0
DA:614,0
DA:615,0
DA:617,0
DA:618,0
DA:619,0
DA:626,0
DA:627,0
DA:632,0
DA:633,0
DA:635,0
DA:637,0
DA:640,0
DA:641,0
DA:643,0
DA:644,0
DA:645,0
DA:647,0
DA:650,0
DA:656,0
DA:661,0
DA:662,0
DA:663,0
DA:664,0
DA:665,0
DA:666,0
DA:667,0
DA:670,0
DA:672,0
DA:674,0
DA:680,0
DA:681,0
DA:692,0
DA:693,0
DA:695,0
DA:702,0
DA:703,0
DA:714,0
DA:715,0
DA:716,0
DA:717,0
DA:724,0
DA:725,0
DA:727,0
DA:737,0
DA:738,0
DA:744,0
DA:746,0
DA:752,0
DA:753,0
DA:764,0
DA:765,0
DA:767,0
DA:768,0
DA:769,0
DA:776,0
DA:777,0
DA:784,0
DA:785,0
DA:788,0
DA:791,0
DA:796,0
DA:798,0
DA:804,0
DA:805,0
DA:816,0
DA:817,0
DA:818,0
DA:819,0
DA:826,0
DA:828,0
DA:829,0
DA:835,0
DA:836,0
DA:838,0
DA:839,0
DA:840,0
DA:843,0
DA:849,0
DA:853,0
DA:854,0
DA:855,0
DA:858,0
DA:859,0
DA:860,0
DA:861,0
DA:862,0
DA:865,0
DA:877,0
DA:884,0
DA:891,0
DA:892,0
DA:903,0
DA:904,0
DA:905,0
DA:906,0
DA:913,0
DA:915,0
DA:916,0
DA:922,0
DA:923,0
DA:924,0
DA:926,0
DA:927,0
DA:928,0
DA:931,0
DA:932,0
DA:933,0
DA:934,0
DA:938,0
DA:951,0
DA:954,0
DA:961,0
DA:964,0
DA:965,0
DA:967,0
DA:968,0
DA:971,0
DA:972,0
DA:975,0
DA:976,0
DA:979,0
DA:980,0
DA:983,0
DA:984,0
DA:988,0
DA:997,0
DA:998,0
DA:1009,0
DA:1010,0
DA:1012,0
DA:1013,0
DA:1014,0
DA:1020,0
DA:1021,0
DA:1028,0
DA:1033,0
DA:1034,0
DA:1038,0
DA:1050,0
DA:1052,0
DA:1058,0
DA:1059,0
DA:1070,0
DA:1071,0
DA:1073,0
DA:1074,0
DA:1075,0
DA:1081,0
DA:1082,0
DA:1088,0
DA:1093,0
DA:1099,0
DA:1100,0
DA:1108,0
LF:329
LH:0
BRDA:32,0,0,0
BRDA:32,0,1,0
BRDA:76,1,0,0
BRDA:76,1,1,0
BRDA:105,2,0,0
BRDA:105,2,1,0
BRDA:117,3,0,0
BRDA:117,3,1,0
BRDA:146,4,0,0
BRDA:146,4,1,0
BRDA:156,5,0,0
BRDA:156,5,1,0
BRDA:187,6,0,0
BRDA:187,6,1,0
BRDA:201,7,0,0
BRDA:201,7,1,0
BRDA:246,8,0,0
BRDA:246,8,1,0
BRDA:266,9,0,0
BRDA:266,9,1,0
BRDA:298,10,0,0
BRDA:298,10,1,0
BRDA:310,11,0,0
BRDA:310,11,1,0
BRDA:324,12,0,0
BRDA:324,12,1,0
BRDA:340,13,0,0
BRDA:340,13,1,0
BRDA:361,14,0,0
BRDA:361,14,1,0
BRDA:370,15,0,0
BRDA:370,15,1,0
BRDA:424,16,0,0
BRDA:424,16,1,0
BRDA:424,17,0,0
BRDA:424,17,1,0
BRDA:424,18,0,0
BRDA:424,18,1,0
BRDA:446,19,0,0
BRDA:446,19,1,0
BRDA:458,20,0,0
BRDA:458,20,1,0
BRDA:469,21,0,0
BRDA:469,21,1,0
BRDA:470,22,0,0
BRDA:470,22,1,0
BRDA:485,23,0,0
BRDA:485,23,1,0
BRDA:486,24,0,0
BRDA:486,24,1,0
BRDA:511,25,0,0
BRDA:511,25,1,0
BRDA:522,26,0,0
BRDA:522,26,1,0
BRDA:534,27,0,0
BRDA:534,27,1,0
BRDA:542,28,0,0
BRDA:542,28,1,0
BRDA:606,29,0,0
BRDA:606,29,1,0
BRDA:618,30,0,0
BRDA:618,30,1,0
BRDA:626,31,0,0
BRDA:626,31,1,0
BRDA:626,32,0,0
BRDA:626,32,1,0
BRDA:632,33,0,0
BRDA:632,33,1,0
BRDA:635,34,0,0
BRDA:635,34,1,0
BRDA:641,35,0,0
BRDA:641,35,1,0
BRDA:645,36,0,0
BRDA:645,36,1,0
BRDA:645,37,0,0
BRDA:645,37,1,0
BRDA:661,38,0,0
BRDA:661,38,1,0
BRDA:663,39,0,0
BRDA:663,39,1,0
BRDA:664,40,0,0
BRDA:664,40,1,0
BRDA:664,41,0,0
BRDA:664,41,1,0
BRDA:683,42,0,0
BRDA:683,42,1,0
BRDA:716,43,0,0
BRDA:716,43,1,0
BRDA:737,44,0,0
BRDA:737,44,1,0
BRDA:768,45,0,0
BRDA:768,45,1,0
BRDA:776,46,0,0
BRDA:776,46,1,0
BRDA:818,47,0,0
BRDA:818,47,1,0
BRDA:828,48,0,0
BRDA:828,48,1,0
BRDA:828,49,0,0
BRDA:828,49,1,0
BRDA:859,50,0,0
BRDA:859,50,1,0
BRDA:861,51,0,0
BRDA:861,51,1,0
BRDA:861,52,0,0
BRDA:861,52,1,0
BRDA:867,53,0,0
BRDA:867,53,1,0
BRDA:869,54,0,0
BRDA:869,54,1,0
BRDA:870,55,0,0
BRDA:870,55,1,0
BRDA:872,56,0,0
BRDA:872,56,1,0
BRDA:905,57,0,0
BRDA:905,57,1,0
BRDA:915,58,0,0
BRDA:915,58,1,0
BRDA:915,59,0,0
BRDA:915,59,1,0
BRDA:932,60,0,0
BRDA:932,60,1,0
BRDA:942,61,0,0
BRDA:942,61,1,0
BRDA:943,62,0,0
BRDA:943,62,1,0
BRDA:957,63,0,0
BRDA:957,63,1,0
BRDA:971,64,0,0
BRDA:971,64,1,0
BRDA:1013,65,0,0
BRDA:1013,65,1,0
BRDA:1020,66,0,0
BRDA:1020,66,1,0
BRDA:1061,67,0,0
BRDA:1061,67,1,0
BRDA:1074,68,0,0
BRDA:1074,68,1,0
BRDA:1081,69,0,0
BRDA:1081,69,1,0
BRF:140
BRH:0
end_of_record
TN:
SF:controllers/ClientController.js
FN:12,(anonymous_0)
FN:26,(anonymous_1)
FN:73,(anonymous_2)
FN:114,(anonymous_3)
FN:230,(anonymous_4)
FN:264,(anonymous_5)
FN:298,(anonymous_6)
FN:339,(anonymous_7)
FN:387,(anonymous_8)
FNF:9
FNH:0
FNDA:0,(anonymous_0)
FNDA:0,(anonymous_1)
FNDA:0,(anonymous_2)
FNDA:0,(anonymous_3)
FNDA:0,(anonymous_4)
FNDA:0,(anonymous_5)
FNDA:0,(anonymous_6)
FNDA:0,(anonymous_7)
FNDA:0,(anonymous_8)
DA:6,0
DA:7,0
DA:8,0
DA:9,0
DA:13,0
DA:14,0
DA:15,0
DA:18,0
DA:19,0
DA:20,0
DA:27,0
DA:28,0
DA:29,0
DA:30,0
DA:37,0
DA:39,0
DA:40,0
DA:42,0
DA:43,0
DA:49,0
DA:55,0
DA:62,0
DA:63,0
DA:74,0
DA:75,0
DA:77,0
DA:78,0
DA:84,0
DA:85,0
DA:86,0
DA:92,0
DA:97,0
DA:103,0
DA:104,0
DA:115,0
DA:116,0
DA:117,0
DA:118,0
DA:125,0
DA:127,0
DA:128,0
DA:129,0
DA:136,0
DA:138,0
DA:139,0
DA:146,0
DA:147,0
DA:152,0
DA:159,0
DA:175,0
DA:189,0
DA:190,0
DA:191,0
DA:198,0
DA:205,0
DA:206,0
DA:208,0
DA:210,0
DA:212,0
DA:219,0
DA:220,0
DA:231,0
DA:232,0
DA:233,0
DA:234,0
DA:241,0
DA:243,0
DA:245,0
DA:247,0
DA:253,0
DA:254,0
DA:265,0
DA:266,0
DA:267,0
DA:268,0
DA:275,0
DA:276,0
DA:278,0
DA:287,0
DA:288,0
DA:299,0
DA:300,0
DA:301,0
DA:302,0
DA:308,0
DA:309,0
DA:311,0
DA:312,0
DA:313,0
DA:315,0
DA:316,0
DA:318,0
DA:322,0
DA:328,0
DA:329,0
DA:340,0
DA:341,0
DA:342,0
DA:343,0
DA:350,0
DA:354,0
DA:355,0
DA:356,0
DA:357,0
DA:360,0
DA:366,0
DA:368,0
DA:370,0
DA:376,0
DA:377,0
DA:388,0
DA:389,0
DA:391,0
DA:392,0
DA:393,0
DA:399,0
DA:400,0
DA:406,0
DA:411,0
DA:417,0
DA:418,0
DA:426,0
LF:122
LH:0
BRDA:29,0,0,0
BRDA:29,0,1,0
BRDA:42,1,0,0
BRDA:42,1,1,0
BRDA:77,2,0,0
BRDA:77,2,1,0
BRDA:85,3,0,0
BRDA:85,3,1,0
BRDA:117,4,0,0
BRDA:117,4,1,0
BRDA:128,5,0,0
BRDA:128,5,1,0
BRDA:138,6,0,0
BRDA:138,6,1,0
BRDA:190,7,0,0
BRDA:190,7,1,0
BRDA:222,8,0,0
BRDA:222,8,1,0
BRDA:233,9,0,0
BRDA:233,9,1,0
BRDA:256,10,0,0
BRDA:256,10,1,0
BRDA:267,11,0,0
BRDA:267,11,1,0
BRDA:290,12,0,0
BRDA:290,12,1,0
BRDA:301,13,0,0
BRDA:301,13,1,0
BRDA:311,14,0,0
BRDA:311,14,1,0
BRDA:311,15,0,0
BRDA:311,15,1,0
BRDA:342,16,0,0
BRDA:342,16,1,0
BRDA:356,17,0,0
BRDA:356,17,1,0
BRDA:392,18,0,0
BRDA:392,18,1,0
BRDA:399,19,0,0
BRDA:399,19,1,0
BRF:40
BRH:0
end_of_record
TN:
SF:controllers/PublicController.js
FN:9,(anonymous_0)
FN:18,(anonymous_1)
FN:31,(anonymous_2)
FN:129,(anonymous_3)
FN:173,(anonymous_4)
FN:260,(anonymous_5)
FN:345,(anonymous_6)
FNF:7
FNH:6
FNDA:10,(anonymous_0)
FNDA:1,(anonymous_1)
FNDA:3,(anonymous_2)
FNDA:0,(anonymous_3)
FNDA:2,(anonymous_4)
FNDA:2,(anonymous_5)
FNDA:2,(anonymous_6)
DA:6,1
DA:10,10
DA:11,10
DA:12,10
DA:19,1
DA:32,3
DA:33,3
DA:34,3
DA:35,0
DA:42,3
DA:45,3
DA:57,3
DA:60,3
DA:61,2
DA:62,2
DA:63,1
DA:71,1
DA:76,3
DA:77,0
DA:78,0
DA:79,0
DA:104,0
DA:105,0
DA:107,0
DA:111,3
DA:112,3
DA:118,0
DA:119,0
DA:130,0
DA:131,0
DA:132,0
DA:133,0
DA:140,0
DA:142,0
DA:153,0
DA:155,0
DA:156,0
DA:162,0
DA:163,0
DA:174,2
DA:175,2
DA:176,2
DA:177,0
DA:187,2
DA:189,1
DA:190,1
DA:191,1
DA:192,1
DA:193,1
DA:194,1
DA:195,1
DA:196,1
DA:197,1
DA:198,1
DA:199,1
DA:200,1
DA:203,1
DA:206,2
DA:221,2
DA:224,2
DA:225,1
DA:226,1
DA:227,1
DA:238,1
DA:242,2
DA:243,2
DA:249,0
DA:250,0
DA:261,2
DA:262,2
DA:263,2
DA:264,0
DA:271,2
DA:274,2
DA:275,2
DA:276,1
DA:282,1
DA:290,1
DA:293,1
DA:294,0
DA:295,0
DA:296,0
DA:320,0
DA:321,0
DA:323,0
DA:327,1
DA:328,1
DA:334,0
DA:335,0
DA:346,2
DA:347,2
DA:348,2
DA:349,0
DA:356,2
DA:358,2
DA:368,2
DA:369,1
DA:375,1
DA:376,1
DA:382,0
DA:383,0
DA:391,1
LF:102
LH:67
BRDA:34,0,0,0
BRDA:34,0,1,3
BRDA:48,1,0,3
BRDA:48,1,1,2
BRDA:50,2,0,3
BRDA:50,2,1,2
BRDA:51,3,0,3
BRDA:51,3,1,2
BRDA:52,4,0,3
BRDA:52,4,1,3
BRDA:60,5,0,2
BRDA:60,5,1,1
BRDA:60,6,0,3
BRDA:60,6,1,1
BRDA:62,7,0,1
BRDA:62,7,1,1
BRDA:76,8,0,0
BRDA:76,8,1,3
BRDA:88,9,0,0
BRDA:88,9,1,0
BRDA:89,10,0,0
BRDA:89,10,1,0
BRDA:90,11,0,0
BRDA:90,11,1,0
BRDA:93,12,0,0
BRDA:93,12,1,0
BRDA:94,13,0,0
BRDA:94,13,1,0
BRDA:132,14,0,0
BRDA:132,14,1,0
BRDA:145,15,0,0
BRDA:145,15,1,0
BRDA:146,16,0,0
BRDA:146,16,1,0
BRDA:147,17,0,0
BRDA:147,17,1,0
BRDA:176,18,0,0
BRDA:176,18,1,2
BRDA:187,19,0,1
BRDA:187,19,1,1
BRDA:187,20,0,2
BRDA:187,20,1,1
BRDA:200,21,0,1
BRDA:200,21,1,1
BRDA:217,22,0,2
BRDA:217,22,1,1
BRDA:224,23,0,1
BRDA:224,23,1,1
BRDA:224,24,0,2
BRDA:224,24,1,1
BRDA:226,25,0,1
BRDA:226,25,1,0
BRDA:229,26,0,1
BRDA:229,26,1,1
BRDA:242,27,0,2
BRDA:242,27,1,1
BRDA:263,28,0,0
BRDA:263,28,1,2
BRDA:275,29,0,1
BRDA:275,29,1,1
BRDA:284,30,0,1
BRDA:284,30,1,0
BRDA:293,31,0,0
BRDA:293,31,1,1
BRDA:302,32,0,0
BRDA:302,32,1,0
BRDA:348,33,0,0
BRDA:348,33,1,2
BRDA:368,34,0,1
BRDA:368,34,1,1
BRF:70
BRH:42
end_of_record
TN:
SF:controllers/WebhookController.js
FN:6,(anonymous_0)
FN:16,(anonymous_1)
FN:83,(anonymous_2)
FN:107,(anonymous_3)
FN:130,(anonymous_4)
FN:165,(anonymous_5)
FN:242,(anonymous_6)
FN:319,(anonymous_7)
FN:342,(anonymous_8)
FNF:9
FNH:0
FNDA:0,(anonymous_0)
FNDA:0,(anonymous_1)
FNDA:0,(anonymous_2)
FNDA:0,(anonymous_3)
FNDA:0,(anonymous_4)
FNDA:0,(anonymous_5)
FNDA:0,(anonymous_6)
FNDA:0,(anonymous_7)
FNDA:0,(anonymous_8)
DA:7,0
DA:8,0
DA:9,0
DA:10,0
DA:17,0
DA:18,0
DA:22,0
DA:23,0
DA:29,0
DA:30,0
DA:33,0
DA:36,0
DA:38,0
DA:39,0
DA:42,0
DA:43,0
DA:46,0
DA:47,0
DA:50,0
DA:51,0
DA:54,0
DA:55,0
DA:58,0
DA:59,0
DA:62,0
DA:63,0
DA:66,0
DA:69,0
DA:72,0
DA:73,0
DA:84,0
DA:85,0
DA:87,0
DA:98,0
DA:100,0
DA:108,0
DA:109,0
DA:111,0
DA:121,0
DA:123,0
DA:131,0
DA:132,0
DA:134,0
DA:146,0
DA:156,0
DA:158,0
DA:166,0
DA:167,0
DA:168,0
DA:171,0
DA:173,0
DA:174,0
DA:175,0
DA:179,0
DA:181,0
DA:197,0
DA:198,0
DA:199,0
DA:202,0
DA:204,0
DA:209,0
DA:219,0
DA:222,0
DA:233,0
DA:235,0
DA:243,0
DA:244,0
DA:245,0
DA:248,0
DA:250,0
DA:251,0
DA:252,0
DA:256,0
DA:258,0
DA:270,0
DA:271,0
DA:284,0
DA:285,0
DA:286,0
DA:289,0
DA:291,0
DA:296,0
DA:306,0
DA:308,0
DA:312,0
DA:320,0
DA:321,0
DA:323,0
DA:333,0
DA:335,0
DA:343,0
DA:344,0
DA:346,0
DA:356,0
DA:358,0
DA:363,0
LF:96
LH:0
BRDA:36,0,0,0
BRDA:36,0,1,0
BRDA:36,0,2,0
BRDA:36,0,3,0
BRDA:36,0,4,0
BRDA:36,0,5,0
BRDA:36,0,6,0
BRDA:36,0,7,0
BRDA:173,1,0,0
BRDA:173,1,1,0
BRDA:179,2,0,0
BRDA:179,2,1,0
BRDA:179,3,0,0
BRDA:179,3,1,0
BRDA:197,4,0,0
BRDA:197,4,1,0
BRDA:250,5,0,0
BRDA:250,5,1,0
BRDA:256,6,0,0
BRDA:256,6,1,0
BRDA:270,7,0,0
BRDA:270,7,1,0
BRDA:284,8,0,0
BRDA:284,8,1,0
BRF:24
BRH:0
end_of_record
TN:
SF:middleware/auth.js
FN:9,(anonymous_0)
FN:19,(anonymous_1)
FN:29,(anonymous_2)
FN:39,(anonymous_3)
FN:50,(anonymous_4)
FN:77,(anonymous_5)
FN:88,(anonymous_6)
FN:114,(anonymous_7)
FN:123,(anonymous_8)
FN:131,(anonymous_9)
FN:139,(anonymous_10)
FNF:11
FNH:11
FNDA:13,(anonymous_0)
FNDA:1,(anonymous_1)
FNDA:1,(anonymous_2)
FNDA:5,(anonymous_3)
FNDA:4,(anonymous_4)
FNDA:3,(anonymous_5)
FNDA:3,(anonymous_6)
FNDA:2,(anonymous_7)
FNDA:1,(anonymous_8)
FNDA:1,(anonymous_9)
FNDA:1,(anonymous_10)
DA:6,1
DA:10,13
DA:20,1
DA:30,1
DA:39,13
DA:40,5
DA:41,5
DA:43,5
DA:44,1
DA:50,4
DA:51,4
DA:52,1
DA:59,3
DA:60,1
DA:66,2
DA:67,2
DA:77,13
DA:78,3
DA:79,3
DA:81,3
DA:82,0
DA:88,3
DA:89,3
DA:90,0
DA:97,3
DA:98,1
DA:104,2
DA:105,2
DA:115,2
DA:124,1
DA:131,13
DA:132,1
DA:139,13
DA:140,1
DA:144,1
LF:35
LH:33
BRDA:41,0,0,5
BRDA:41,0,1,4
BRDA:43,1,0,1
BRDA:43,1,1,4
BRDA:51,2,0,1
BRDA:51,2,1,3
BRDA:59,3,0,1
BRDA:59,3,1,2
BRDA:79,4,0,3
BRDA:79,4,1,3
BRDA:81,5,0,0
BRDA:81,5,1,3
BRDA:89,6,0,0
BRDA:89,6,1,3
BRDA:97,7,0,1
BRDA:97,7,1,2
BRF:16
BRH:14
end_of_record
TN:
SF:middleware/errorHandler.js
FN:14,(anonymous_0)
FN:69,(anonymous_1)
FN:84,(anonymous_2)
FN:85,(anonymous_3)
FN:97,(anonymous_4)
FN:110,(anonymous_5)
FNF:6
FNH:0
FNDA:0,(anonymous_0)
FNDA:0,(anonymous_1)
FNDA:0,(anonymous_2)
FNDA:0,(anonymous_3)
FNDA:0,(anonymous_4)
FNDA:0,(anonymous_5)
DA:15,0
DA:24,0
DA:31,0
DA:32,0
DA:39,0
DA:40,0
DA:41,0
DA:42,0
DA:45,0
DA:46,0
DA:47,0
DA:50,0
DA:51,0
DA:52,0
DA:55,0
DA:56,0
DA:57,0
DA:61,0
DA:70,0
DA:85,0
DA:86,0
DA:98,0
DA:99,0
DA:100,0
DA:101,0
DA:111,0
DA:112,0
DA:113,0
DA:114,0
DA:118,0
LF:30
LH:0
BRDA:31,0,0,0
BRDA:31,0,1,0
BRDA:39,1,0,0
BRDA:39,1,1,0
BRDA:45,2,0,0
BRDA:45,2,1,0
BRDA:50,3,0,0
BRDA:50,3,1,0
BRDA:55,4,0,0
BRDA:55,4,1,0
BRDA:97,5,0,0
BRDA:97,6,0,0
BRDA:110,7,0,0
BRF:13
BRH:0
end_of_record
TN:
SF:models/Client.js
FN:7,(anonymous_0)
FN:15,(anonymous_1)
FN:28,(anonymous_2)
FN:40,(anonymous_3)
FN:52,(anonymous_4)
FN:64,(anonymous_5)
FN:85,(anonymous_6)
FN:106,(anonymous_7)
FN:119,(anonymous_8)
FN:131,(anonymous_9)
FN:145,(anonymous_10)
FN:169,(anonymous_11)
FN:182,(anonymous_12)
FNF:13
FNH:0
FNDA:0,(anonymous_0)
FNDA:0,(anonymous_1)
FNDA:0,(anonymous_2)
FNDA:0,(anonymous_3)
FNDA:0,(anonymous_4)
FNDA:0,(anonymous_5)
FNDA:0,(anonymous_6)
FNDA:0,(anonymous_7)
FNDA:0,(anonymous_8)
FNDA:0,(anonymous_9)
FNDA:0,(anonymous_10)
FNDA:0,(anonymous_11)
FNDA:0,(anonymous_12)
DA:8,0
DA:9,0
DA:16,0
DA:17,0
DA:18,0
DA:20,0
DA:21,0
DA:29,0
DA:30,0
DA:32,0
DA:33,0
DA:41,0
DA:42,0
DA:44,0
DA:45,0
DA:53,0
DA:54,0
DA:56,0
DA:57,0
DA:65,0
DA:66,0
DA:75,0
DA:77,0
DA:78,0
DA:86,0
DA:87,0
DA:96,0
DA:98,0
DA:99,0
DA:107,0
DA:108,0
DA:109,0
DA:111,0
DA:112,0
DA:120,0
DA:121,0
DA:123,0
DA:124,0
DA:132,0
DA:133,0
DA:137,0
DA:138,0
DA:146,0
DA:147,0
DA:148,0
DA:149,0
DA:150,0
DA:151,0
DA:153,0
DA:161,0
DA:162,0
DA:170,0
DA:171,0
DA:172,0
DA:174,0
DA:175,0
DA:183,0
DA:184,0
DA:193,0
DA:195,0
DA:196,0
DA:201,0
LF:62
LH:0
BRDA:131,0,0,0
BRF:1
BRH:0
end_of_record
TN:
SF:models/ClientUser.js
FN:7,(anonymous_0)
FN:14,(anonymous_1)
FN:27,(anonymous_2)
FN:39,(anonymous_3)
FN:51,(anonymous_4)
FN:72,(anonymous_5)
FN:94,(anonymous_6)
FN:115,(anonymous_7)
FN:128,(anonymous_8)
FN:140,(anonymous_9)
FN:157,(anonymous_10)
FN:186,(anonymous_11)
FN:199,(anonymous_12)
FNF:13
FNH:0
FNDA:0,(anonymous_0)
FNDA:0,(anonymous_1)
FNDA:0,(anonymous_2)
FNDA:0,(anonymous_3)
FNDA:0,(anonymous_4)
FNDA:0,(anonymous_5)
FNDA:0,(anonymous_6)
FNDA:0,(anonymous_7)
FNDA:0,(anonymous_8)
FNDA:0,(anonymous_9)
FNDA:0,(anonymous_10)
FNDA:0,(anonymous_11)
FNDA:0,(anonymous_12)
DA:8,0
DA:15,0
DA:16,0
DA:17,0
DA:19,0
DA:20,0
DA:28,0
DA:29,0
DA:31,0
DA:32,0
DA:40,0
DA:41,0
DA:43,0
DA:44,0
DA:52,0
DA:53,0
DA:62,0
DA:64,0
DA:65,0
DA:73,0
DA:74,0
DA:84,0
DA:86,0
DA:87,0
DA:95,0
DA:96,0
DA:105,0
DA:107,0
DA:108,0
DA:116,0
DA:117,0
DA:118,0
DA:120,0
DA:121,0
DA:129,0
DA:130,0
DA:132,0
DA:133,0
DA:141,0
DA:142,0
DA:149,0
DA:150,0
DA:158,0
DA:159,0
DA:160,0
DA:161,0
DA:162,0
DA:163,0
DA:164,0
DA:168,0
DA:178,0
DA:179,0
DA:187,0
DA:188,0
DA:189,0
DA:191,0
DA:192,0
DA:200,0
DA:201,0
DA:211,0
DA:213,0
DA:214,0
DA:219,0
LF:63
LH:0
BRDA:211,0,0,0
BRDA:211,0,1,0
BRF:2
BRH:0
end_of_record
TN:
SF:models/User.js
FN:7,(anonymous_0)
FN:14,(anonymous_1)
FN:27,(anonymous_2)
FN:39,(anonymous_3)
FN:51,(anonymous_4)
FN:63,(anonymous_5)
FN:84,(anonymous_6)
FN:106,(anonymous_7)
FN:119,(anonymous_8)
FN:131,(anonymous_9)
FN:151,(anonymous_10)
FN:164,(anonymous_11)
FNF:12
FNH:10
FNDA:14,(anonymous_0)
FNDA:2,(anonymous_1)
FNDA:2,(anonymous_2)
FNDA:0,(anonymous_3)
FNDA:1,(anonymous_4)
FNDA:2,(anonymous_5)
FNDA:0,(anonymous_6)
FNDA:2,(anonymous_7)
FNDA:1,(anonymous_8)
FNDA:1,(anonymous_9)
FNDA:2,(anonymous_10)
FNDA:1,(anonymous_11)
DA:8,14
DA:15,2
DA:16,2
DA:17,1
DA:19,1
DA:20,1
DA:28,2
DA:29,2
DA:31,0
DA:32,0
DA:40,0
DA:41,0
DA:43,0
DA:44,0
DA:52,1
DA:53,1
DA:55,0
DA:56,0
DA:64,2
DA:65,2
DA:74,2
DA:76,0
DA:77,0
DA:85,0
DA:86,0
DA:96,0
DA:98,0
DA:99,0
DA:107,2
DA:108,2
DA:109,2
DA:111,0
DA:112,0
DA:120,1
DA:121,1
DA:123,0
DA:124,0
DA:132,1
DA:133,1
DA:134,1
DA:135,1
DA:137,1
DA:143,0
DA:144,0
DA:152,2
DA:153,2
DA:154,2
DA:156,0
DA:157,0
DA:165,1
DA:166,1
DA:168,0
DA:169,0
DA:174,1
LF:54
LH:29
BRF:0
BRH:0
end_of_record
TN:
SF:services/AuthService.js
FN:9,(anonymous_0)
FN:17,(anonymous_1)
FN:69,(anonymous_2)
FN:123,(anonymous_3)
FN:159,(anonymous_4)
FN:194,(anonymous_5)
FN:232,(anonymous_6)
FN:242,(anonymous_7)
FN:252,(anonymous_8)
FN:259,(anonymous_9)
FNF:10
FNH:8
FNDA:13,(anonymous_0)
FNDA:3,(anonymous_1)
FNDA:2,(anonymous_2)
FNDA:2,(anonymous_3)
FNDA:2,(anonymous_4)
FNDA:0,(anonymous_5)
FNDA:1,(anonymous_6)
FNDA:1,(anonymous_7)
FNDA:0,(anonymous_8)
FNDA:2,(anonymous_9)
DA:6,1
DA:10,13
DA:11,13
DA:18,3
DA:19,3
DA:21,3
DA:22,1
DA:25,2
DA:26,2
DA:27,1
DA:31,1
DA:40,1
DA:49,1
DA:51,1
DA:61,2
DA:62,2
DA:70,2
DA:71,2
DA:73,2
DA:74,0
DA:77,2
DA:78,1
DA:81,1
DA:82,1
DA:83,0
DA:87,1
DA:96,1
DA:104,1
DA:106,1
DA:115,1
DA:116,1
DA:124,2
DA:125,2
DA:127,2
DA:128,0
DA:131,2
DA:132,2
DA:133,1
DA:136,1
DA:138,1
DA:148,1
DA:149,1
DA:151,1
DA:152,1
DA:160,2
DA:161,2
DA:163,2
DA:164,1
DA:167,1
DA:170,1
DA:183,1
DA:184,1
DA:186,1
DA:187,1
DA:195,0
DA:196,0
DA:199,0
DA:200,0
DA:201,0
DA:202,0
DA:204,0
DA:207,0
DA:209,0
DA:221,0
DA:222,0
DA:224,0
DA:225,0
DA:233,1
DA:243,1
DA:253,0
DA:260,2
DA:261,2
DA:264,1
DA:274,1
DA:276,1
DA:277,1
DA:282,1
LF:77
LH:60
BRDA:21,0,0,1
BRDA:21,0,1,2
BRDA:26,1,0,1
BRDA:26,1,1,1
BRDA:73,2,0,0
BRDA:73,2,1,2
BRDA:77,3,0,1
BRDA:77,3,1,1
BRDA:82,4,0,0
BRDA:82,4,1,1
BRDA:127,5,0,0
BRDA:127,5,1,2
BRDA:132,6,0,1
BRDA:132,6,1,1
BRDA:163,7,0,1
BRDA:163,7,1,1
BRDA:194,8,0,0
BRDA:199,9,0,0
BRDA:199,9,1,0
BRDA:201,10,0,0
BRDA:201,10,1,0
BRDA:232,11,0,0
BRDA:242,12,0,0
BRF:23
BRH:13
end_of_record
TN:
SF:services/ClientService.js
FN:7,(anonymous_0)
FN:17,(anonymous_1)
FN:89,(anonymous_2)
FN:197,(anonymous_3)
FN:252,(anonymous_4)
FN:265,(anonymous_5)
FN:278,(anonymous_6)
FN:284,(anonymous_7)
FN:309,(anonymous_8)
FN:353,(anonymous_9)
FN:404,(anonymous_10)
FNF:11
FNH:0
FNDA:0,(anonymous_0)
FNDA:0,(anonymous_1)
FNDA:0,(anonymous_2)
FNDA:0,(anonymous_3)
FNDA:0,(anonymous_4)
FNDA:0,(anonymous_5)
FNDA:0,(anonymous_6)
FNDA:0,(anonymous_7)
FNDA:0,(anonymous_8)
FNDA:0,(anonymous_9)
FNDA:0,(anonymous_10)
DA:8,0
DA:9,0
DA:10,0
DA:11,0
DA:18,0
DA:20,0
DA:21,0
DA:23,0
DA:25,0
DA:30,0
DA:37,0
DA:40,0
DA:51,0
DA:62,0
DA:65,0
DA:72,0
DA:74,0
DA:81,0
DA:82,0
DA:90,0
DA:91,0
DA:92,0
DA:96,0
DA:98,0
DA:99,0
DA:103,0
DA:107,0
DA:108,0
DA:112,0
DA:113,0
DA:116,0
DA:117,0
DA:119,0
DA:120,0
DA:122,0
DA:123,0
DA:124,0
DA:125,0
DA:130,0
DA:153,0
DA:156,0
DA:164,0
DA:166,0
DA:174,0
DA:175,0
DA:181,0
DA:183,0
DA:189,0
DA:190,0
DA:198,0
DA:200,0
DA:201,0
DA:202,0
DA:205,0
DA:208,0
DA:209,0
DA:213,0
DA:225,0
DA:235,0
DA:237,0
DA:244,0
DA:245,0
DA:253,0
DA:254,0
DA:255,0
DA:257,0
DA:258,0
DA:266,0
DA:267,0
DA:268,0
DA:270,0
DA:271,0
DA:279,0
DA:280,0
DA:283,0
DA:285,0
DA:290,0
DA:299,0
DA:301,0
DA:302,0
DA:310,0
DA:311,0
DA:312,0
DA:314,0
DA:315,0
DA:318,0
DA:319,0
DA:322,0
DA:324,0
DA:332,0
DA:342,0
DA:343,0
DA:345,0
DA:346,0
DA:354,0
DA:355,0
DA:359,0
DA:360,0
DA:361,0
DA:365,0
DA:377,0
DA:378,0
DA:381,0
DA:391,0
DA:394,0
DA:396,0
DA:397,0
DA:405,0
DA:406,0
DA:410,0
DA:411,0
DA:412,0
DA:415,0
DA:422,0
DA:423,0
DA:425,0
DA:426,0
DA:427,0
DA:429,0
DA:432,0
DA:437,0
DA:439,0
DA:440,0
DA:445,0
LF:124
LH:0
BRDA:17,0,0,0
BRDA:23,1,0,0
BRDA:23,1,1,0
BRDA:26,2,0,0
BRDA:26,2,1,0
BRDA:33,3,0,0
BRDA:33,3,1,0
BRDA:44,4,0,0
BRDA:44,4,1,0
BRDA:55,5,0,0
BRDA:55,5,1,0
BRDA:91,6,0,0
BRDA:91,6,1,0
BRDA:98,7,0,0
BRDA:98,7,1,0
BRDA:107,8,0,0
BRDA:107,8,1,0
BRDA:119,9,0,0
BRDA:119,9,1,0
BRDA:122,10,0,0
BRDA:122,10,1,0
BRDA:122,11,0,0
BRDA:122,11,1,0
BRDA:124,12,0,0
BRDA:124,12,1,0
BRDA:124,13,0,0
BRDA:124,13,1,0
BRDA:132,14,0,0
BRDA:132,14,1,0
BRDA:133,15,0,0
BRDA:133,15,1,0
BRDA:134,16,0,0
BRDA:134,16,1,0
BRDA:135,17,0,0
BRDA:135,17,1,0
BRDA:136,18,0,0
BRDA:136,18,1,0
BRDA:137,19,0,0
BRDA:137,19,1,0
BRDA:138,20,0,0
BRDA:138,20,1,0
BRDA:139,21,0,0
BRDA:139,21,1,0
BRDA:140,22,0,0
BRDA:140,22,1,0
BRDA:143,23,0,0
BRDA:143,23,1,0
BRDA:144,24,0,0
BRDA:144,24,1,0
BRDA:145,25,0,0
BRDA:145,25,1,0
BRDA:167,26,0,0
BRDA:167,26,1,0
BRDA:174,27,0,0
BRDA:174,27,1,0
BRDA:174,28,0,0
BRDA:174,28,1,0
BRDA:176,29,0,0
BRDA:176,29,1,0
BRDA:181,30,0,0
BRDA:181,30,1,0
BRDA:186,31,0,0
BRDA:186,31,1,0
BRDA:186,32,0,0
BRDA:186,32,1,0
BRDA:201,33,0,0
BRDA:201,33,1,0
BRDA:208,34,0,0
BRDA:208,34,1,0
BRDA:208,35,0,0
BRDA:208,35,1,0
BRDA:208,35,2,0
BRDA:241,36,0,0
BRDA:241,36,1,0
BRDA:292,37,0,0
BRDA:292,37,1,0
BRDA:293,38,0,0
BRDA:293,38,1,0
BRDA:314,39,0,0
BRDA:314,39,1,0
BRDA:318,40,0,0
BRDA:318,40,1,0
BRDA:318,41,0,0
BRDA:318,41,1,0
BRDA:325,42,0,0
BRDA:325,42,1,0
BRDA:359,43,0,0
BRDA:359,43,1,0
BRDA:377,44,0,0
BRDA:377,44,1,0
BRDA:410,45,0,0
BRDA:410,45,1,0
BRDA:422,46,0,0
BRDA:422,46,1,0
BRDA:422,47,0,0
BRDA:422,47,1,0
BRF:96
BRH:0
end_of_record
TN:
SF:services/EmailService.js
FN:7,(anonymous_0)
FN:14,(anonymous_1)
FN:59,(anonymous_2)
FN:128,(anonymous_3)
FN:199,(anonymous_4)
FN:256,(anonymous_5)
FN:323,(anonymous_6)
FN:384,(anonymous_7)
FN:445,(anonymous_8)
FN:502,(anonymous_9)
FNF:10
FNH:6
FNDA:9,(anonymous_0)
FNDA:0,(anonymous_1)
FNDA:0,(anonymous_2)
FNDA:0,(anonymous_3)
FNDA:0,(anonymous_4)
FNDA:3,(anonymous_5)
FNDA:2,(anonymous_6)
FNDA:1,(anonymous_7)
FNDA:1,(anonymous_8)
FNDA:2,(anonymous_9)
DA:8,9
DA:15,0
DA:16,0
DA:17,0
DA:20,0
DA:21,0
DA:22,0
DA:48,0
DA:49,0
DA:51,0
DA:52,0
DA:60,0
DA:61,0
DA:64,0
DA:66,0
DA:67,0
DA:68,0
DA:117,0
DA:118,0
DA:120,0
DA:121,0
DA:129,0
DA:130,0
DA:133,0
DA:135,0
DA:136,0
DA:137,0
DA:188,0
DA:189,0
DA:191,0
DA:192,0
DA:200,0
DA:201,0
DA:204,0
DA:205,0
DA:206,0
DA:245,0
DA:246,0
DA:248,0
DA:249,0
DA:257,3
DA:258,1
DA:261,2
DA:262,2
DA:263,1
DA:312,1
DA:313,1
DA:315,1
DA:316,1
DA:324,2
DA:325,0
DA:328,2
DA:330,2
DA:331,2
DA:332,2
DA:373,2
DA:374,2
DA:376,0
DA:377,0
DA:385,1
DA:386,0
DA:389,1
DA:390,1
DA:391,1
DA:434,1
DA:435,1
DA:437,0
DA:438,0
DA:446,1
DA:447,0
DA:450,1
DA:451,1
DA:452,1
DA:491,1
DA:492,1
DA:494,0
DA:495,0
DA:503,2
DA:504,0
DA:507,2
DA:508,2
DA:509,2
DA:522,2
DA:523,2
DA:525,0
DA:526,0
DA:531,1
LF:87
LH:36
BRDA:15,0,0,0
BRDA:15,0,1,0
BRDA:60,1,0,0
BRDA:60,1,1,0
BRDA:129,2,0,0
BRDA:129,2,1,0
BRDA:145,3,0,0
BRDA:145,3,1,0
BRDA:200,4,0,0
BRDA:200,4,1,0
BRDA:257,5,0,1
BRDA:257,5,1,2
BRDA:323,6,0,0
BRDA:324,7,0,0
BRDA:324,7,1,2
BRDA:328,8,0,1
BRDA:328,8,1,1
BRDA:385,9,0,0
BRDA:385,9,1,1
BRDA:446,10,0,0
BRDA:446,10,1,1
BRDA:502,11,0,1
BRDA:503,12,0,0
BRDA:503,12,1,2
BRDA:513,13,0,1
BRDA:513,13,1,1
BRDA:514,14,0,2
BRDA:514,14,1,1
BRF:28
BRH:13
end_of_record
TN:
SF:services/StripeService.js
FN:7,(anonymous_0)
FN:15,(anonymous_1)
FN:22,(anonymous_2)
FN:34,(anonymous_3)
FN:61,(anonymous_4)
FN:73,(anonymous_5)
FN:103,(anonymous_6)
FN:137,(anonymous_7)
FN:169,(anonymous_8)
FN:213,(anonymous_9)
FN:235,(anonymous_10)
FN:252,(anonymous_11)
FN:272,(anonymous_12)
FNF:13
FNH:0
FNDA:0,(anonymous_0)
FNDA:0,(anonymous_1)
FNDA:0,(anonymous_2)
FNDA:0,(anonymous_3)
FNDA:0,(anonymous_4)
FNDA:0,(anonymous_5)
FNDA:0,(anonymous_6)
FNDA:0,(anonymous_7)
FNDA:0,(anonymous_8)
FNDA:0,(anonymous_9)
FNDA:0,(anonymous_10)
FNDA:0,(anonymous_11)
FNDA:0,(anonymous_12)
DA:8,0
DA:9,0
DA:16,0
DA:23,0
DA:24,0
DA:27,0
DA:29,0
DA:34,0
DA:35,0
DA:38,0
DA:39,0
DA:40,0
DA:44,0
DA:50,0
DA:51,0
DA:53,0
DA:54,0
DA:62,0
DA:63,0
DA:66,0
DA:68,0
DA:73,0
DA:74,0
DA:79,0
DA:80,0
DA:81,0
DA:85,0
DA:92,0
DA:93,0
DA:95,0
DA:96,0
DA:104,0
DA:105,0
DA:108,0
DA:109,0
DA:126,0
DA:127,0
DA:129,0
DA:130,0
DA:138,0
DA:139,0
DA:142,0
DA:143,0
DA:153,0
DA:154,0
DA:157,0
DA:158,0
DA:159,0
DA:161,0
DA:162,0
DA:170,0
DA:171,0
DA:174,0
DA:175,0
DA:177,0
DA:179,0
DA:180,0
DA:181,0
DA:184,0
DA:187,0
DA:188,0
DA:191,0
DA:194,0
DA:195,0
DA:198,0
DA:201,0
DA:202,0
DA:203,0
DA:205,0
DA:206,0
DA:214,0
DA:215,0
DA:218,0
DA:219,0
DA:224,0
DA:225,0
DA:227,0
DA:228,0
DA:236,0
DA:237,0
DA:240,0
DA:241,0
DA:242,0
DA:244,0
DA:245,0
DA:253,0
DA:254,0
DA:257,0
DA:258,0
DA:262,0
DA:264,0
DA:265,0
DA:273,0
DA:277,0
LF:94
LH:0
BRDA:22,0,0,0
BRDA:23,1,0,0
BRDA:23,1,1,0
BRDA:38,2,0,0
BRDA:38,2,1,0
BRDA:46,3,0,0
BRDA:46,3,1,0
BRDA:61,4,0,0
BRDA:61,5,0,0
BRDA:62,6,0,0
BRDA:62,6,1,0
BRDA:74,7,0,0
BRDA:74,7,1,0
BRDA:74,7,2,0
BRDA:79,8,0,0
BRDA:79,8,1,0
BRDA:104,9,0,0
BRDA:104,9,1,0
BRDA:113,10,0,0
BRDA:113,10,1,0
BRDA:118,11,0,0
BRDA:118,11,1,0
BRDA:137,12,0,0
BRDA:138,13,0,0
BRDA:138,13,1,0
BRDA:153,14,0,0
BRDA:153,14,1,0
BRDA:170,15,0,0
BRDA:170,15,1,0
BRDA:177,16,0,0
BRDA:177,16,1,0
BRDA:177,16,2,0
BRDA:177,16,3,0
BRDA:214,17,0,0
BRDA:214,17,1,0
BRDA:236,18,0,0
BRDA:236,18,1,0
BRDA:252,19,0,0
BRDA:253,20,0,0
BRDA:253,20,1,0
BRF:40
BRH:0
end_of_record
