<?xml version="1.0" encoding="utf-8"?><testsuites name="pytest tests"><testsuite name="pytest" errors="0" failures="0" skipped="0" tests="12" time="1.360" timestamp="2026-01-25T19:15:57.970033+00:00" hostname="agent-env-06b7edeb-58a5-436c-9fee-b3cef4747e34"><testcase classname="backend.tests.test_client_profile_features.TestAdminClientList" name="test_admin_clients_endpoint_returns_clients" time="0.183" /><testcase classname="backend.tests.test_client_profile_features.TestAdminClientList" name="test_admin_clients_include_phone_field" time="0.151" /><testcase classname="backend.tests.test_client_profile_features.TestAdminClientList" name="test_admin_clients_include_address_fields" time="0.155" /><testcase classname="backend.tests.test_client_profile_features.TestAdminClientList" name="test_admin_clients_include_emergency_contact" time="0.151" /><testcase classname="backend.tests.test_client_profile_features.TestAdminUpdateClient" name="test_admin_update_client_endpoint_exists" time="0.187" /><testcase classname="backend.tests.test_client_profile_features.TestAdminUpdateClient" name="test_admin_update_client_address" time="0.196" /><testcase classname="backend.tests.test_client_profile_features.TestClientProfileAPI" name="test_client_profile_get_requires_auth" time="0.040" /><testcase classname="backend.tests.test_client_profile_features.TestClientProfileAPI" name="test_client_profile_put_requires_auth" time="0.034" /><testcase classname="backend.tests.test_client_profile_features.TestClientProfileAPI" name="test_client_profile_endpoint_structure" time="0.035" /><testcase classname="backend.tests.test_client_profile_features.TestClientProfileUpdateAPI" name="test_client_profile_update_endpoint_exists" time="0.038" /><testcase classname="backend.tests.test_client_profile_features.TestClientProfileUpdateAPI" name="test_client_profile_update_accepts_all_fields" time="0.033" /><testcase classname="backend.tests.test_client_profile_features.TestHealthEndpoint" name="test_health_endpoint" time="0.034" /></testsuite></testsuites>