<?xml version="1.0" encoding="utf-8"?><testsuites name="pytest tests"><testsuite name="pytest" errors="0" failures="0" skipped="0" tests="16" time="0.971" timestamp="2026-01-25T17:25:13.422631+00:00" hostname="agent-env-06b7edeb-58a5-436c-9fee-b3cef4747e34"><testcase classname="backend.tests.test_join_now_purchase.TestPolicyEndpoints" name="test_cancellation_policy_returns_content" time="0.087" /><testcase classname="backend.tests.test_join_now_purchase.TestPolicyEndpoints" name="test_terms_of_service_returns_content" time="0.040" /><testcase classname="backend.tests.test_join_now_purchase.TestPolicyEndpoints" name="test_privacy_policy_returns_content" time="0.040" /><testcase classname="backend.tests.test_join_now_purchase.TestPolicyEndpoints" name="test_cookie_policy_returns_content" time="0.036" /><testcase classname="backend.tests.test_join_now_purchase.TestPackagesEndpoint" name="test_packages_returns_list" time="0.042" /><testcase classname="backend.tests.test_join_now_purchase.TestPackagesEndpoint" name="test_packages_have_required_fields" time="0.040" /><testcase classname="backend.tests.test_join_now_purchase.TestPackagesEndpoint" name="test_packages_have_popular_flag" time="0.041" /><testcase classname="backend.tests.test_join_now_purchase.TestPackagesEndpoint" name="test_pt_with_nutrition_package_exists" time="0.041" /><testcase classname="backend.tests.test_join_now_purchase.TestPackagesEndpoint" name="test_nutrition_only_package_exists" time="0.043" /><testcase classname="backend.tests.test_join_now_purchase.TestPARQQuestions" name="test_parq_questions_for_pt_package" time="0.039" /><testcase classname="backend.tests.test_join_now_purchase.TestPARQQuestions" name="test_parq_questions_have_required_fields" time="0.038" /><testcase classname="backend.tests.test_join_now_purchase.TestPARQQuestions" name="test_no_parq_for_nutrition_only" time="0.042" /><testcase classname="backend.tests.test_join_now_purchase.TestHealthQuestions" name="test_health_questions_returned" time="0.040" /><testcase classname="backend.tests.test_join_now_purchase.TestHealthQuestions" name="test_health_questions_have_types" time="0.039" /><testcase classname="backend.tests.test_join_now_purchase.TestHealthQuestions" name="test_multiple_choice_has_options" time="0.049" /><testcase classname="backend.tests.test_join_now_purchase.TestHealthCheck" name="test_health_check" time="0.056" /></testsuite></testsuites>