<?xml version="1.0" encoding="utf-8"?><testsuites name="pytest tests"><testsuite name="pytest" errors="0" failures="0" skipped="0" tests="20" time="1.664" timestamp="2026-01-25T17:03:03.834153+00:00" hostname="agent-env-06b7edeb-58a5-436c-9fee-b3cef4747e34"><testcase classname="backend.tests.test_policy_endpoints.TestPublicPolicyEndpoints" name="test_health_check" time="0.096" /><testcase classname="backend.tests.test_policy_endpoints.TestPublicPolicyEndpoints" name="test_public_cancellation_policy" time="0.042" /><testcase classname="backend.tests.test_policy_endpoints.TestPublicPolicyEndpoints" name="test_public_terms_of_service" time="0.041" /><testcase classname="backend.tests.test_policy_endpoints.TestPublicPolicyEndpoints" name="test_public_privacy_policy" time="0.038" /><testcase classname="backend.tests.test_policy_endpoints.TestPublicPolicyEndpoints" name="test_public_cookie_policy" time="0.039" /><testcase classname="backend.tests.test_policy_endpoints.TestAdminPolicyEndpoints" name="test_admin_get_cancellation_policy" time="0.156" /><testcase classname="backend.tests.test_policy_endpoints.TestAdminPolicyEndpoints" name="test_admin_get_terms_of_service" time="0.037" /><testcase classname="backend.tests.test_policy_endpoints.TestAdminPolicyEndpoints" name="test_admin_get_privacy_policy" time="0.044" /><testcase classname="backend.tests.test_policy_endpoints.TestAdminPolicyEndpoints" name="test_admin_get_cookie_policy" time="0.048" /><testcase classname="backend.tests.test_policy_endpoints.TestPolicyCRUDOperations" name="test_create_policy_section" time="0.085" /><testcase classname="backend.tests.test_policy_endpoints.TestPolicyCRUDOperations" name="test_update_policy_section" time="0.106" /><testcase classname="backend.tests.test_policy_endpoints.TestPolicyCRUDOperations" name="test_add_item_to_section" time="0.112" /><testcase classname="backend.tests.test_policy_endpoints.TestPolicyCRUDOperations" name="test_update_item_in_section" time="0.162" /><testcase classname="backend.tests.test_policy_endpoints.TestPolicyCRUDOperations" name="test_delete_item_from_section" time="0.152" /><testcase classname="backend.tests.test_policy_endpoints.TestPolicyCRUDOperations" name="test_delete_policy_section" time="0.071" /><testcase classname="backend.tests.test_policy_endpoints.TestCancellationPolicyCRUD" name="test_create_cancellation_section" time="0.078" /><testcase classname="backend.tests.test_policy_endpoints.TestCancellationPolicyCRUD" name="test_add_item_to_cancellation_section" time="0.113" /><testcase classname="backend.tests.test_policy_endpoints.TestInvalidPolicyType" name="test_invalid_policy_type_returns_error" time="0.034" /><testcase classname="backend.tests.test_policy_endpoints.TestUnauthorizedAccess" name="test_admin_endpoint_requires_auth" time="0.034" /><testcase classname="backend.tests.test_policy_endpoints.TestUnauthorizedAccess" name="test_create_section_requires_auth" time="0.041" /></testsuite></testsuites>